#
# There is insufficient memory for the Java Runtime Environment to continue.
# Native memory allocation (malloc) failed to allocate 32744 bytes for ChunkPool::allocate
# Possible reasons:
#   The system is out of physical RAM or swap space
#   The process is running with CompressedOops enabled, and the Java Heap may be blocking the growth of the native heap
# Possible solutions:
#   Reduce memory load on the system
#   Increase physical memory or swap space
#   Check if swap backing store is full
#   Decrease Java heap size (-Xmx/-Xms)
#   Decrease number of Java threads
#   Decrease Java thread stack sizes (-Xss)
#   Set larger code cache with -XX:ReservedCodeCacheSize=
#     placed in the first 4GB address space. The Java Heap base address is the
#     maximum limit for the native heap growth. Please use -XX:HeapBaseMinAddress
#     to set the Java Heap base and to place the Java Heap above 4GB virtual address.
# This output file may be truncated or incomplete.
#
#  Out of Memory Error (arena.cpp:79), pid=14548, tid=11980
#
# JRE version: OpenJDK Runtime Environment JBR-17.0.10+1-1087.17-jcef (17.0.10+1) (build 17.0.10+1-b1087.17)
# Java VM: OpenJDK 64-Bit Server VM JBR-17.0.10+1-1087.17-jcef (17.0.10+1-b1087.17, mixed mode, tiered, compressed oops, compressed class ptrs, g1 gc, windows-amd64)
# No core dump will be written. Minidumps are not enabled by default on client versions of Windows
#

---------------  S U M M A R Y ------------

Command Line: -Djava.rmi.server.hostname=127.0.0.1 -Duser.timezone=UTC -Xmx2048m -Xms128m -Djdbc.classpath=C:\Program Files\JetBrains\IntelliJ IDEA 2023.3.3\plugins\DatabaseTools\lib\jdbc-console.jar;C:\Users\blais\AppData\Roaming\JetBrains\IntelliJIdea2023.3\jdbc-drivers\PostgreSQL\42.7.3\org\postgresql\postgresql\42.7.3\postgresql-42.7.3.jar;C:\Users\blais\AppData\Roaming\JetBrains\IntelliJIdea2023.3\jdbc-drivers\PostgreSQL\42.7.3\org\checkerframework\checker-qual\3.42.0\checker-qual-3.42.0.jar;C:\Users\blais\AppData\Roaming\JetBrains\IntelliJIdea2023.3\jdbc-drivers\PostgreSQL\42.7.3\com\github\waffle\waffle-jna\1.9.1\waffle-jna-1.9.1.jar;C:\Users\blais\AppData\Roaming\JetBrains\IntelliJIdea2023.3\jdbc-drivers\PostgreSQL\42.7.3\net\java\dev\jna\jna\4.5.1\jna-4.5.1.jar;C:\Users\blais\AppData\Roaming\JetBrains\IntelliJIdea2023.3\jdbc-drivers\PostgreSQL\42.7.3\net\java\dev\jna\jna-platform\4.5.1\jna-platform-4.5.1.jar;C:\Users\blais\AppData\Roaming\JetBrains\IntelliJIdea2023.3\jdbc-drivers\PostgreSQL\42.7.3\org\slf4j\jcl-over-slf4j\1.7.25\jcl-over-slf4j-1.7.25.jar;C:\Users\blais\AppData\Roaming\JetBrains\IntelliJIdea2023.3\jdbc-drivers\PostgreSQL\42.7.3\org\slf4j\slf4j-api\1.7.25\slf4j-api-1.7.25.jar;C:\Users\blais\AppData\Roaming\JetBrains\IntelliJIdea2023.3\jdbc-drivers\PostgreSQL\42.7.3\com\github\ben-manes\caffeine\caffeine\2.6.2\caffeine-2.6.2.jar --add-exports=java.desktop/sun.awt=ALL-UNNAMED --add-exports=java.desktop/java.awt.peer=ALL-UNNAMED --add-opens=java.desktop/java.awt=ALL-UNNAMED --add-opens=jdk.unsupported/sun.misc=ALL-UNNAMED --add-opens=java.base/java.nio=ALL-UNNAMED --add-opens=java.base/java.util=ALL-UNNAMED -Dfile.encoding=UTF-8 com.intellij.database.remote.RemoteJdbcServer org.postgresql.Driver

Host: Intel(R) Core(TM) i5-3340M CPU @ 2.70GHz, 4 cores, 7G,  Windows 10 , 64 bit Build 19041 (10.0.19041.5198)
Time: Sun Feb  9 12:19:15 2025 South Africa Standard Time elapsed time: 478.896782 seconds (0d 0h 7m 58s)

---------------  T H R E A D  ---------------

Current thread (0x000001603c18f2a0):  JavaThread "C1 CompilerThread0" daemon [_thread_in_vm, id=11980, stack(0x00000025acd00000,0x00000025ace00000)]


Current CompileTask:
C1: 478897 2685       3       java.util.concurrent.locks.AbstractQueuedSynchronizer$ConditionObject::awaitNanos (200 bytes)

Stack: [0x00000025acd00000,0x00000025ace00000]
Native frames: (J=compiled Java code, j=interpreted, Vv=VM code, C=native code)
V  [jvm.dll+0x688ac9]
V  [jvm.dll+0x84220a]
V  [jvm.dll+0x843e4e]
V  [jvm.dll+0x8444b3]
V  [jvm.dll+0x24ba8f]
V  [jvm.dll+0xac721]
V  [jvm.dll+0xacb6c]
V  [jvm.dll+0x675bd7]
V  [jvm.dll+0x202614]
V  [jvm.dll+0x2334e5]
V  [jvm.dll+0x65d342]
V  [jvm.dll+0x660654]
V  [jvm.dll+0x1c73a6]
V  [jvm.dll+0x136f41]
V  [jvm.dll+0x13630a]
V  [jvm.dll+0x137fc1]
V  [jvm.dll+0x22ca18]
V  [jvm.dll+0x22ab50]
V  [jvm.dll+0x7f6687]
V  [jvm.dll+0x7f0a8a]
V  [jvm.dll+0x687945]
C  [ucrtbase.dll+0x21bb2]
C  [KERNEL32.DLL+0x17374]
C  [ntdll.dll+0x4cc91]


---------------  P R O C E S S  ---------------

Threads class SMR info:
_java_thread_list=0x0000016043307120, length=21, elements={
0x000001602053e000, 0x000001603bf43620, 0x000001603bf443b0, 0x000001603bf2fb50,
0x000001603bf30420, 0x000001603c18d410, 0x000001603c18dce0, 0x000001603c18e8e0,
0x000001603c18f2a0, 0x000001603c204d90, 0x000001603c307ae0, 0x000001603c307fc0,
0x000001603c63c620, 0x000001603c656e50, 0x000001603c657330, 0x000001603c633c70,
0x000001603c67d590, 0x000001603c6bce20, 0x000001603c6bdd50, 0x000001603c6bd330,
0x000001603c6bc910
}

Java Threads: ( => current thread )
  0x000001602053e000 JavaThread "main" [_thread_blocked, id=9648, stack(0x00000025abf00000,0x00000025ac000000)]
  0x000001603bf43620 JavaThread "Reference Handler" daemon [_thread_blocked, id=3584, stack(0x00000025ac600000,0x00000025ac700000)]
  0x000001603bf443b0 JavaThread "Finalizer" daemon [_thread_blocked, id=11620, stack(0x00000025ac700000,0x00000025ac800000)]
  0x000001603bf2fb50 JavaThread "Signal Dispatcher" daemon [_thread_blocked, id=19152, stack(0x00000025ac800000,0x00000025ac900000)]
  0x000001603bf30420 JavaThread "Attach Listener" daemon [_thread_blocked, id=17160, stack(0x00000025ac900000,0x00000025aca00000)]
  0x000001603c18d410 JavaThread "Service Thread" daemon [_thread_blocked, id=15400, stack(0x00000025aca00000,0x00000025acb00000)]
  0x000001603c18dce0 JavaThread "Monitor Deflation Thread" daemon [_thread_blocked, id=20424, stack(0x00000025acb00000,0x00000025acc00000)]
  0x000001603c18e8e0 JavaThread "C2 CompilerThread0" daemon [_thread_blocked, id=10392, stack(0x00000025acc00000,0x00000025acd00000)]
=>0x000001603c18f2a0 JavaThread "C1 CompilerThread0" daemon [_thread_in_vm, id=11980, stack(0x00000025acd00000,0x00000025ace00000)]
  0x000001603c204d90 JavaThread "Sweeper thread" daemon [_thread_blocked, id=13816, stack(0x00000025ace00000,0x00000025acf00000)]
  0x000001603c307ae0 JavaThread "Common-Cleaner" daemon [_thread_blocked, id=12340, stack(0x00000025acf00000,0x00000025ad000000)]
  0x000001603c307fc0 JavaThread "Notification Thread" daemon [_thread_blocked, id=15332, stack(0x00000025ad000000,0x00000025ad100000)]
  0x000001603c63c620 JavaThread "RMI TCP Accept-31688" daemon [_thread_in_native, id=15212, stack(0x00000025ad200000,0x00000025ad300000)]
  0x000001603c656e50 JavaThread "RMI TCP Accept-0" daemon [_thread_in_native, id=1856, stack(0x00000025ad300000,0x00000025ad400000)]
  0x000001603c657330 JavaThread "RMI Reaper" [_thread_blocked, id=16864, stack(0x00000025ad400000,0x00000025ad500000)]
  0x000001603c633c70 JavaThread "RMI GC Daemon" daemon [_thread_blocked, id=11512, stack(0x00000025ad500000,0x00000025ad600000)]
  0x000001603c67d590 JavaThread "RMI TCP Connection(1)-127.0.0.1" daemon [_thread_in_native, id=17360, stack(0x00000025ad600000,0x00000025ad700000)]
  0x000001603c6bce20 JavaThread "RMI TCP Connection(3)-127.0.0.1" daemon [_thread_in_native, id=8756, stack(0x00000025ad800000,0x00000025ad900000)]
  0x000001603c6bdd50 JavaThread "RMI Scheduler(0)" daemon [_thread_blocked, id=16696, stack(0x00000025ad900000,0x00000025ada00000)]
  0x000001603c6bd330 JavaThread "RMI RenewClean-[127.0.0.1:56969]" daemon [_thread_blocked, id=14552, stack(0x00000025ae000000,0x00000025ae100000)]
  0x000001603c6bc910 JavaThread "PostgreSQL-JDBC-Cleaner" daemon [_thread_blocked, id=7128, stack(0x00000025ae300000,0x00000025ae400000)]

Other Threads:
  0x000001603bf20720 VMThread "VM Thread" [stack: 0x00000025ac500000,0x00000025ac600000] [id=8384]
  0x000001603bea8e00 WatcherThread [stack: 0x00000025ad100000,0x00000025ad200000] [id=21076]
  0x00000160226fe320 GCTaskThread "GC Thread#0" [stack: 0x00000025ac000000,0x00000025ac100000] [id=17452]
  0x000001603c89c000 GCTaskThread "GC Thread#1" [stack: 0x00000025adc00000,0x00000025add00000] [id=15624]
  0x000001603c89c2c0 GCTaskThread "GC Thread#2" [stack: 0x00000025add00000,0x00000025ade00000] [id=14928]
  0x000001603c89c580 GCTaskThread "GC Thread#3" [stack: 0x00000025ade00000,0x00000025adf00000] [id=21352]
  0x000001602270f180 ConcurrentGCThread "G1 Main Marker" [stack: 0x00000025ac100000,0x00000025ac200000] [id=7268]
  0x000001602270fab0 ConcurrentGCThread "G1 Conc#0" [stack: 0x00000025ac200000,0x00000025ac300000] [id=11272]
  0x000001602275e910 ConcurrentGCThread "G1 Refine#0" [stack: 0x00000025ac300000,0x00000025ac400000] [id=20060]
  0x000001603c28f8c0 ConcurrentGCThread "G1 Refine#1" [stack: 0x00000025adf00000,0x00000025ae000000] [id=8484]
  0x000001603bd774d0 ConcurrentGCThread "G1 Service" [stack: 0x00000025ac400000,0x00000025ac500000] [id=14876]

Threads with active compile tasks:
C1 CompilerThread0   478962 2685       3       java.util.concurrent.locks.AbstractQueuedSynchronizer$ConditionObject::awaitNanos (200 bytes)

VM state: not at safepoint (normal execution)

VM Mutex/Monitor currently owned by a thread:  ([mutex/lock_event])
[0x000001602269f2c0] CodeCache_lock - owner thread: 0x000001603c18f2a0
[0x00000160226a0780] Compile_lock - owner thread: 0x000001603c18f2a0
[0x00000160226a12c0] MethodCompileQueue_lock - owner thread: 0x000001603c18f2a0

Heap address: 0x0000000080000000, size: 2048 MB, Compressed Oops mode: 32-bit

CDS archive(s) not mapped
Compressed class space mapped at: 0x0000000100000000-0x0000000140000000, reserved size: 1073741824
Narrow klass base: 0x0000000000000000, Narrow klass shift: 3, Narrow klass range: 0x140000000

GC Precious Log:
 CPUs: 4 total, 4 available
 Memory: 8095M
 Large Page Support: Disabled
 NUMA Support: Disabled
 Compressed Oops: Enabled (32-bit)
 Heap Region Size: 1M
 Heap Min Capacity: 128M
 Heap Initial Capacity: 128M
 Heap Max Capacity: 2G
 Pre-touch: Disabled
 Parallel Workers: 4
 Concurrent Workers: 1
 Concurrent Refinement Workers: 4
 Periodic GC: Disabled

Heap:
 garbage-first heap   total 131072K, used 50391K [0x0000000080000000, 0x0000000100000000)
  region size 1024K, 42 young (43008K), 1 survivors (1024K)
 Metaspace       used 20563K, committed 20928K, reserved 1114112K
  class space    used 2075K, committed 2304K, reserved 1048576K

Heap Regions: E=young(eden), S=young(survivor), O=old, HS=humongous(starts), HC=humongous(continues), CS=collection set, F=free, OA=open archive, CA=closed archive, TAMS=top-at-mark-start (previous, next)
|   0|0x0000000080000000, 0x0000000080100000, 0x0000000080100000|100%|HS|  |TAMS 0x0000000080000000, 0x0000000080000000| Complete 
|   1|0x0000000080100000, 0x0000000080200000, 0x0000000080200000|100%|HC|  |TAMS 0x0000000080100000, 0x0000000080100000| Complete 
|   2|0x0000000080200000, 0x0000000080300000, 0x0000000080300000|100%|HC|  |TAMS 0x0000000080200000, 0x0000000080200000| Complete 
|   3|0x0000000080300000, 0x0000000080400000, 0x0000000080400000|100%| O|  |TAMS 0x0000000080300000, 0x0000000080300000| Untracked 
|   4|0x0000000080400000, 0x0000000080500000, 0x0000000080500000|100%| O|  |TAMS 0x0000000080400000, 0x0000000080400000| Untracked 
|   5|0x0000000080500000, 0x0000000080600000, 0x0000000080600000|100%| O|  |TAMS 0x0000000080500000, 0x0000000080500000| Untracked 
|   6|0x0000000080600000, 0x0000000080700000, 0x0000000080700000|100%| O|  |TAMS 0x0000000080600000, 0x0000000080600000| Untracked 
|   7|0x0000000080700000, 0x0000000080800000, 0x0000000080800000|100%| O|  |TAMS 0x0000000080700000, 0x0000000080700000| Untracked 
|   8|0x0000000080800000, 0x0000000080856600, 0x0000000080900000| 33%| O|  |TAMS 0x0000000080800000, 0x0000000080800000| Untracked 
|   9|0x0000000080900000, 0x0000000080900000, 0x0000000080a00000|  0%| F|  |TAMS 0x0000000080900000, 0x0000000080900000| Untracked 
|  10|0x0000000080a00000, 0x0000000080a00000, 0x0000000080b00000|  0%| F|  |TAMS 0x0000000080a00000, 0x0000000080a00000| Untracked 
|  11|0x0000000080b00000, 0x0000000080b00000, 0x0000000080c00000|  0%| F|  |TAMS 0x0000000080b00000, 0x0000000080b00000| Untracked 
|  12|0x0000000080c00000, 0x0000000080c00000, 0x0000000080d00000|  0%| F|  |TAMS 0x0000000080c00000, 0x0000000080c00000| Untracked 
|  13|0x0000000080d00000, 0x0000000080d00000, 0x0000000080e00000|  0%| F|  |TAMS 0x0000000080d00000, 0x0000000080d00000| Untracked 
|  14|0x0000000080e00000, 0x0000000080e00000, 0x0000000080f00000|  0%| F|  |TAMS 0x0000000080e00000, 0x0000000080e00000| Untracked 
|  15|0x0000000080f00000, 0x0000000080f00000, 0x0000000081000000|  0%| F|  |TAMS 0x0000000080f00000, 0x0000000080f00000| Untracked 
|  16|0x0000000081000000, 0x0000000081000000, 0x0000000081100000|  0%| F|  |TAMS 0x0000000081000000, 0x0000000081000000| Untracked 
|  17|0x0000000081100000, 0x0000000081100000, 0x0000000081200000|  0%| F|  |TAMS 0x0000000081100000, 0x0000000081100000| Untracked 
|  18|0x0000000081200000, 0x0000000081200000, 0x0000000081300000|  0%| F|  |TAMS 0x0000000081200000, 0x0000000081200000| Untracked 
|  19|0x0000000081300000, 0x0000000081300000, 0x0000000081400000|  0%| F|  |TAMS 0x0000000081300000, 0x0000000081300000| Untracked 
|  20|0x0000000081400000, 0x0000000081400000, 0x0000000081500000|  0%| F|  |TAMS 0x0000000081400000, 0x0000000081400000| Untracked 
|  21|0x0000000081500000, 0x0000000081500000, 0x0000000081600000|  0%| F|  |TAMS 0x0000000081500000, 0x0000000081500000| Untracked 
|  22|0x0000000081600000, 0x0000000081600000, 0x0000000081700000|  0%| F|  |TAMS 0x0000000081600000, 0x0000000081600000| Untracked 
|  23|0x0000000081700000, 0x0000000081700000, 0x0000000081800000|  0%| F|  |TAMS 0x0000000081700000, 0x0000000081700000| Untracked 
|  24|0x0000000081800000, 0x0000000081800000, 0x0000000081900000|  0%| F|  |TAMS 0x0000000081800000, 0x0000000081800000| Untracked 
|  25|0x0000000081900000, 0x0000000081900000, 0x0000000081a00000|  0%| F|  |TAMS 0x0000000081900000, 0x0000000081900000| Untracked 
|  26|0x0000000081a00000, 0x0000000081a00000, 0x0000000081b00000|  0%| F|  |TAMS 0x0000000081a00000, 0x0000000081a00000| Untracked 
|  27|0x0000000081b00000, 0x0000000081b00000, 0x0000000081c00000|  0%| F|  |TAMS 0x0000000081b00000, 0x0000000081b00000| Untracked 
|  28|0x0000000081c00000, 0x0000000081c00000, 0x0000000081d00000|  0%| F|  |TAMS 0x0000000081c00000, 0x0000000081c00000| Untracked 
|  29|0x0000000081d00000, 0x0000000081d00000, 0x0000000081e00000|  0%| F|  |TAMS 0x0000000081d00000, 0x0000000081d00000| Untracked 
|  30|0x0000000081e00000, 0x0000000081e00000, 0x0000000081f00000|  0%| F|  |TAMS 0x0000000081e00000, 0x0000000081e00000| Untracked 
|  31|0x0000000081f00000, 0x0000000081f00000, 0x0000000082000000|  0%| F|  |TAMS 0x0000000081f00000, 0x0000000081f00000| Untracked 
|  32|0x0000000082000000, 0x0000000082000000, 0x0000000082100000|  0%| F|  |TAMS 0x0000000082000000, 0x0000000082000000| Untracked 
|  33|0x0000000082100000, 0x0000000082100000, 0x0000000082200000|  0%| F|  |TAMS 0x0000000082100000, 0x0000000082100000| Untracked 
|  34|0x0000000082200000, 0x0000000082200000, 0x0000000082300000|  0%| F|  |TAMS 0x0000000082200000, 0x0000000082200000| Untracked 
|  35|0x0000000082300000, 0x0000000082300000, 0x0000000082400000|  0%| F|  |TAMS 0x0000000082300000, 0x0000000082300000| Untracked 
|  36|0x0000000082400000, 0x0000000082400000, 0x0000000082500000|  0%| F|  |TAMS 0x0000000082400000, 0x0000000082400000| Untracked 
|  37|0x0000000082500000, 0x0000000082500000, 0x0000000082600000|  0%| F|  |TAMS 0x0000000082500000, 0x0000000082500000| Untracked 
|  38|0x0000000082600000, 0x0000000082600000, 0x0000000082700000|  0%| F|  |TAMS 0x0000000082600000, 0x0000000082600000| Untracked 
|  39|0x0000000082700000, 0x0000000082700000, 0x0000000082800000|  0%| F|  |TAMS 0x0000000082700000, 0x0000000082700000| Untracked 
|  40|0x0000000082800000, 0x0000000082800000, 0x0000000082900000|  0%| F|  |TAMS 0x0000000082800000, 0x0000000082800000| Untracked 
|  41|0x0000000082900000, 0x0000000082900000, 0x0000000082a00000|  0%| F|  |TAMS 0x0000000082900000, 0x0000000082900000| Untracked 
|  42|0x0000000082a00000, 0x0000000082a00000, 0x0000000082b00000|  0%| F|  |TAMS 0x0000000082a00000, 0x0000000082a00000| Untracked 
|  43|0x0000000082b00000, 0x0000000082b00000, 0x0000000082c00000|  0%| F|  |TAMS 0x0000000082b00000, 0x0000000082b00000| Untracked 
|  44|0x0000000082c00000, 0x0000000082c00000, 0x0000000082d00000|  0%| F|  |TAMS 0x0000000082c00000, 0x0000000082c00000| Untracked 
|  45|0x0000000082d00000, 0x0000000082d00000, 0x0000000082e00000|  0%| F|  |TAMS 0x0000000082d00000, 0x0000000082d00000| Untracked 
|  46|0x0000000082e00000, 0x0000000082e00000, 0x0000000082f00000|  0%| F|  |TAMS 0x0000000082e00000, 0x0000000082e00000| Untracked 
|  47|0x0000000082f00000, 0x0000000082f00000, 0x0000000083000000|  0%| F|  |TAMS 0x0000000082f00000, 0x0000000082f00000| Untracked 
|  48|0x0000000083000000, 0x0000000083000000, 0x0000000083100000|  0%| F|  |TAMS 0x0000000083000000, 0x0000000083000000| Untracked 
|  49|0x0000000083100000, 0x0000000083100000, 0x0000000083200000|  0%| F|  |TAMS 0x0000000083100000, 0x0000000083100000| Untracked 
|  50|0x0000000083200000, 0x0000000083200000, 0x0000000083300000|  0%| F|  |TAMS 0x0000000083200000, 0x0000000083200000| Untracked 
|  51|0x0000000083300000, 0x0000000083300000, 0x0000000083400000|  0%| F|  |TAMS 0x0000000083300000, 0x0000000083300000| Untracked 
|  52|0x0000000083400000, 0x0000000083400000, 0x0000000083500000|  0%| F|  |TAMS 0x0000000083400000, 0x0000000083400000| Untracked 
|  53|0x0000000083500000, 0x0000000083500000, 0x0000000083600000|  0%| F|  |TAMS 0x0000000083500000, 0x0000000083500000| Untracked 
|  54|0x0000000083600000, 0x0000000083600000, 0x0000000083700000|  0%| F|  |TAMS 0x0000000083600000, 0x0000000083600000| Untracked 
|  55|0x0000000083700000, 0x0000000083700000, 0x0000000083800000|  0%| F|  |TAMS 0x0000000083700000, 0x0000000083700000| Untracked 
|  56|0x0000000083800000, 0x0000000083800000, 0x0000000083900000|  0%| F|  |TAMS 0x0000000083800000, 0x0000000083800000| Untracked 
|  57|0x0000000083900000, 0x0000000083900000, 0x0000000083a00000|  0%| F|  |TAMS 0x0000000083900000, 0x0000000083900000| Untracked 
|  58|0x0000000083a00000, 0x0000000083a00000, 0x0000000083b00000|  0%| F|  |TAMS 0x0000000083a00000, 0x0000000083a00000| Untracked 
|  59|0x0000000083b00000, 0x0000000083b00000, 0x0000000083c00000|  0%| F|  |TAMS 0x0000000083b00000, 0x0000000083b00000| Untracked 
|  60|0x0000000083c00000, 0x0000000083c00000, 0x0000000083d00000|  0%| F|  |TAMS 0x0000000083c00000, 0x0000000083c00000| Untracked 
|  61|0x0000000083d00000, 0x0000000083d00000, 0x0000000083e00000|  0%| F|  |TAMS 0x0000000083d00000, 0x0000000083d00000| Untracked 
|  62|0x0000000083e00000, 0x0000000083e00000, 0x0000000083f00000|  0%| F|  |TAMS 0x0000000083e00000, 0x0000000083e00000| Untracked 
|  63|0x0000000083f00000, 0x0000000083f00000, 0x0000000084000000|  0%| F|  |TAMS 0x0000000083f00000, 0x0000000083f00000| Untracked 
|  64|0x0000000084000000, 0x0000000084000000, 0x0000000084100000|  0%| F|  |TAMS 0x0000000084000000, 0x0000000084000000| Untracked 
|  65|0x0000000084100000, 0x0000000084100000, 0x0000000084200000|  0%| F|  |TAMS 0x0000000084100000, 0x0000000084100000| Untracked 
|  66|0x0000000084200000, 0x0000000084200000, 0x0000000084300000|  0%| F|  |TAMS 0x0000000084200000, 0x0000000084200000| Untracked 
|  67|0x0000000084300000, 0x0000000084300000, 0x0000000084400000|  0%| F|  |TAMS 0x0000000084300000, 0x0000000084300000| Untracked 
|  68|0x0000000084400000, 0x0000000084400000, 0x0000000084500000|  0%| F|  |TAMS 0x0000000084400000, 0x0000000084400000| Untracked 
|  69|0x0000000084500000, 0x0000000084500000, 0x0000000084600000|  0%| F|  |TAMS 0x0000000084500000, 0x0000000084500000| Untracked 
|  70|0x0000000084600000, 0x0000000084600000, 0x0000000084700000|  0%| F|  |TAMS 0x0000000084600000, 0x0000000084600000| Untracked 
|  71|0x0000000084700000, 0x0000000084700000, 0x0000000084800000|  0%| F|  |TAMS 0x0000000084700000, 0x0000000084700000| Untracked 
|  72|0x0000000084800000, 0x0000000084800000, 0x0000000084900000|  0%| F|  |TAMS 0x0000000084800000, 0x0000000084800000| Untracked 
|  73|0x0000000084900000, 0x0000000084900000, 0x0000000084a00000|  0%| F|  |TAMS 0x0000000084900000, 0x0000000084900000| Untracked 
|  74|0x0000000084a00000, 0x0000000084a00000, 0x0000000084b00000|  0%| F|  |TAMS 0x0000000084a00000, 0x0000000084a00000| Untracked 
|  75|0x0000000084b00000, 0x0000000084b00000, 0x0000000084c00000|  0%| F|  |TAMS 0x0000000084b00000, 0x0000000084b00000| Untracked 
|  76|0x0000000084c00000, 0x0000000084c00000, 0x0000000084d00000|  0%| F|  |TAMS 0x0000000084c00000, 0x0000000084c00000| Untracked 
|  77|0x0000000084d00000, 0x0000000084d00000, 0x0000000084e00000|  0%| F|  |TAMS 0x0000000084d00000, 0x0000000084d00000| Untracked 
|  78|0x0000000084e00000, 0x0000000084e00000, 0x0000000084f00000|  0%| F|  |TAMS 0x0000000084e00000, 0x0000000084e00000| Untracked 
|  79|0x0000000084f00000, 0x0000000084f00000, 0x0000000085000000|  0%| F|  |TAMS 0x0000000084f00000, 0x0000000084f00000| Untracked 
|  80|0x0000000085000000, 0x0000000085000000, 0x0000000085100000|  0%| F|  |TAMS 0x0000000085000000, 0x0000000085000000| Untracked 
|  81|0x0000000085100000, 0x0000000085100000, 0x0000000085200000|  0%| F|  |TAMS 0x0000000085100000, 0x0000000085100000| Untracked 
|  82|0x0000000085200000, 0x0000000085200000, 0x0000000085300000|  0%| F|  |TAMS 0x0000000085200000, 0x0000000085200000| Untracked 
|  83|0x0000000085300000, 0x0000000085300000, 0x0000000085400000|  0%| F|  |TAMS 0x0000000085300000, 0x0000000085300000| Untracked 
|  84|0x0000000085400000, 0x0000000085400000, 0x0000000085500000|  0%| F|  |TAMS 0x0000000085400000, 0x0000000085400000| Untracked 
|  85|0x0000000085500000, 0x0000000085500000, 0x0000000085600000|  0%| F|  |TAMS 0x0000000085500000, 0x0000000085500000| Untracked 
|  86|0x0000000085600000, 0x0000000085660810, 0x0000000085700000| 37%| E|  |TAMS 0x0000000085600000, 0x0000000085600000| Complete 
|  87|0x0000000085700000, 0x0000000085800000, 0x0000000085800000|100%| E|CS|TAMS 0x0000000085700000, 0x0000000085700000| Complete 
|  88|0x0000000085800000, 0x0000000085900000, 0x0000000085900000|100%| E|CS|TAMS 0x0000000085800000, 0x0000000085800000| Complete 
|  89|0x0000000085900000, 0x0000000085a00000, 0x0000000085a00000|100%| E|CS|TAMS 0x0000000085900000, 0x0000000085900000| Complete 
|  90|0x0000000085a00000, 0x0000000085b00000, 0x0000000085b00000|100%| E|CS|TAMS 0x0000000085a00000, 0x0000000085a00000| Complete 
|  91|0x0000000085b00000, 0x0000000085c00000, 0x0000000085c00000|100%| E|CS|TAMS 0x0000000085b00000, 0x0000000085b00000| Complete 
|  92|0x0000000085c00000, 0x0000000085d00000, 0x0000000085d00000|100%| E|CS|TAMS 0x0000000085c00000, 0x0000000085c00000| Complete 
|  93|0x0000000085d00000, 0x0000000085e00000, 0x0000000085e00000|100%| E|CS|TAMS 0x0000000085d00000, 0x0000000085d00000| Complete 
|  94|0x0000000085e00000, 0x0000000085f00000, 0x0000000085f00000|100%| E|CS|TAMS 0x0000000085e00000, 0x0000000085e00000| Complete 
|  95|0x0000000085f00000, 0x0000000086000000, 0x0000000086000000|100%| E|CS|TAMS 0x0000000085f00000, 0x0000000085f00000| Complete 
|  96|0x0000000086000000, 0x0000000086100000, 0x0000000086100000|100%| E|CS|TAMS 0x0000000086000000, 0x0000000086000000| Complete 
|  97|0x0000000086100000, 0x0000000086200000, 0x0000000086200000|100%| E|CS|TAMS 0x0000000086100000, 0x0000000086100000| Complete 
|  98|0x0000000086200000, 0x0000000086300000, 0x0000000086300000|100%| E|CS|TAMS 0x0000000086200000, 0x0000000086200000| Complete 
|  99|0x0000000086300000, 0x0000000086400000, 0x0000000086400000|100%| E|CS|TAMS 0x0000000086300000, 0x0000000086300000| Complete 
| 100|0x0000000086400000, 0x0000000086500000, 0x0000000086500000|100%| E|CS|TAMS 0x0000000086400000, 0x0000000086400000| Complete 
| 101|0x0000000086500000, 0x0000000086600000, 0x0000000086600000|100%| E|CS|TAMS 0x0000000086500000, 0x0000000086500000| Complete 
| 102|0x0000000086600000, 0x0000000086700000, 0x0000000086700000|100%| E|CS|TAMS 0x0000000086600000, 0x0000000086600000| Complete 
| 103|0x0000000086700000, 0x0000000086800000, 0x0000000086800000|100%| E|CS|TAMS 0x0000000086700000, 0x0000000086700000| Complete 
| 104|0x0000000086800000, 0x00000000868df6f0, 0x0000000086900000| 87%| S|CS|TAMS 0x0000000086800000, 0x0000000086800000| Complete 
| 105|0x0000000086900000, 0x0000000086a00000, 0x0000000086a00000|100%| E|CS|TAMS 0x0000000086900000, 0x0000000086900000| Complete 
| 106|0x0000000086a00000, 0x0000000086b00000, 0x0000000086b00000|100%| E|CS|TAMS 0x0000000086a00000, 0x0000000086a00000| Complete 
| 107|0x0000000086b00000, 0x0000000086c00000, 0x0000000086c00000|100%| E|CS|TAMS 0x0000000086b00000, 0x0000000086b00000| Complete 
| 108|0x0000000086c00000, 0x0000000086d00000, 0x0000000086d00000|100%| E|CS|TAMS 0x0000000086c00000, 0x0000000086c00000| Complete 
| 109|0x0000000086d00000, 0x0000000086e00000, 0x0000000086e00000|100%| E|CS|TAMS 0x0000000086d00000, 0x0000000086d00000| Complete 
| 110|0x0000000086e00000, 0x0000000086f00000, 0x0000000086f00000|100%| E|CS|TAMS 0x0000000086e00000, 0x0000000086e00000| Complete 
| 111|0x0000000086f00000, 0x0000000087000000, 0x0000000087000000|100%| E|CS|TAMS 0x0000000086f00000, 0x0000000086f00000| Complete 
| 112|0x0000000087000000, 0x0000000087100000, 0x0000000087100000|100%| E|CS|TAMS 0x0000000087000000, 0x0000000087000000| Complete 
| 113|0x0000000087100000, 0x0000000087200000, 0x0000000087200000|100%| E|CS|TAMS 0x0000000087100000, 0x0000000087100000| Complete 
| 114|0x0000000087200000, 0x0000000087300000, 0x0000000087300000|100%| E|CS|TAMS 0x0000000087200000, 0x0000000087200000| Complete 
| 115|0x0000000087300000, 0x0000000087400000, 0x0000000087400000|100%| E|CS|TAMS 0x0000000087300000, 0x0000000087300000| Complete 
| 116|0x0000000087400000, 0x0000000087500000, 0x0000000087500000|100%| E|CS|TAMS 0x0000000087400000, 0x0000000087400000| Complete 
| 117|0x0000000087500000, 0x0000000087600000, 0x0000000087600000|100%| E|CS|TAMS 0x0000000087500000, 0x0000000087500000| Complete 
| 118|0x0000000087600000, 0x0000000087700000, 0x0000000087700000|100%| E|CS|TAMS 0x0000000087600000, 0x0000000087600000| Complete 
| 119|0x0000000087700000, 0x0000000087800000, 0x0000000087800000|100%| E|CS|TAMS 0x0000000087700000, 0x0000000087700000| Complete 
| 120|0x0000000087800000, 0x0000000087900000, 0x0000000087900000|100%| E|CS|TAMS 0x0000000087800000, 0x0000000087800000| Complete 
| 121|0x0000000087900000, 0x0000000087a00000, 0x0000000087a00000|100%| E|CS|TAMS 0x0000000087900000, 0x0000000087900000| Complete 
| 122|0x0000000087a00000, 0x0000000087b00000, 0x0000000087b00000|100%| E|CS|TAMS 0x0000000087a00000, 0x0000000087a00000| Complete 
| 123|0x0000000087b00000, 0x0000000087c00000, 0x0000000087c00000|100%| E|CS|TAMS 0x0000000087b00000, 0x0000000087b00000| Complete 
| 124|0x0000000087c00000, 0x0000000087d00000, 0x0000000087d00000|100%| E|CS|TAMS 0x0000000087c00000, 0x0000000087c00000| Complete 
| 125|0x0000000087d00000, 0x0000000087e00000, 0x0000000087e00000|100%| E|CS|TAMS 0x0000000087d00000, 0x0000000087d00000| Complete 
| 126|0x0000000087e00000, 0x0000000087f00000, 0x0000000087f00000|100%| E|CS|TAMS 0x0000000087e00000, 0x0000000087e00000| Complete 
| 127|0x0000000087f00000, 0x0000000088000000, 0x0000000088000000|100%| E|CS|TAMS 0x0000000087f00000, 0x0000000087f00000| Complete 

Card table byte_map: [0x0000016035220000,0x0000016035620000] _byte_map_base: 0x0000016034e20000

Marking Bits (Prev, Next): (CMBitMap*) 0x00000160226fe850, (CMBitMap*) 0x00000160226fe890
 Prev Bits: [0x0000016035a20000, 0x0000016037a20000)
 Next Bits: [0x0000016037a20000, 0x0000016039a20000)

Polling page: 0x0000016020620000

Metaspace:

Usage:
  Non-class:     18.05 MB used.
      Class:      2.03 MB used.
       Both:     20.08 MB used.

Virtual space:
  Non-class space:       64.00 MB reserved,      18.19 MB ( 28%) committed,  1 nodes.
      Class space:        1.00 GB reserved,       2.25 MB ( <1%) committed,  1 nodes.
             Both:        1.06 GB reserved,      20.44 MB (  2%) committed. 

Chunk freelists:
   Non-Class:  13.76 MB
       Class:  13.61 MB
        Both:  27.36 MB

MaxMetaspaceSize: unlimited
CompressedClassSpaceSize: 1.00 GB
Initial GC threshold: 21.00 MB
Current GC threshold: 21.00 MB
CDS: off
MetaspaceReclaimPolicy: balanced
 - commit_granule_bytes: 65536.
 - commit_granule_words: 8192.
 - virtual_space_node_default_size: 8388608.
 - enlarge_chunks_in_place: 1.
 - new_chunks_are_fully_committed: 0.
 - uncommit_free_chunks: 1.
 - use_allocation_guard: 0.
 - handle_deallocations: 1.


Internal statistics:

num_allocs_failed_limit: 0.
num_arena_births: 420.
num_arena_deaths: 0.
num_vsnodes_births: 2.
num_vsnodes_deaths: 0.
num_space_committed: 327.
num_space_uncommitted: 0.
num_chunks_returned_to_freelist: 0.
num_chunks_taken_from_freelist: 851.
num_chunk_merges: 0.
num_chunk_splits: 464.
num_chunks_enlarged: 185.
num_inconsistent_stats: 0.

CodeHeap 'non-profiled nmethods': size=120000Kb used=1524Kb max_used=1524Kb free=118475Kb
 bounds [0x000001602d8f0000, 0x000001602db60000, 0x0000016034e20000]
CodeHeap 'profiled nmethods': size=120000Kb used=5605Kb max_used=5605Kb free=114395Kb
 bounds [0x0000016025e20000, 0x00000160263a0000, 0x000001602d350000]
CodeHeap 'non-nmethods': size=5760Kb used=1206Kb max_used=1259Kb free=4553Kb
 bounds [0x000001602d350000, 0x000001602d5c0000, 0x000001602d8f0000]
 total_blobs=3187 nmethods=2676 adapters=422
 compilation: enabled
              stopped_count=0, restarted_count=0
 full_count=0

Compilation events (20 events):
Event: 425.460 Thread 0x000001603c18e8e0 nmethod 2674 0x000001602da6c890 code [0x000001602da6ca20, 0x000001602da6cdd8]
Event: 425.469 Thread 0x000001603c18f2a0 2676       3       jdk.internal.reflect.ClassFileAssembler::getMaxLocals (6 bytes)
Event: 425.469 Thread 0x000001603c18f2a0 nmethod 2676 0x0000016026391b90 code [0x0000016026391d20, 0x0000016026391e38]
Event: 425.484 Thread 0x000001603c18f2a0 2677       3       org.postgresql.jdbc.PgResultSetMetaData::getColumnClassName (76 bytes)
Event: 425.486 Thread 0x000001603c18f2a0 nmethod 2677 0x0000016026391f10 code [0x0000016026392180, 0x00000160263928a8]
Event: 425.486 Thread 0x000001603c18f2a0 2678   !   3       org.postgresql.jdbc.TypeInfoCache::getJavaClass (145 bytes)
Event: 425.488 Thread 0x000001603c18f2a0 nmethod 2678 0x0000016026392c90 code [0x0000016026392fc0, 0x00000160263945c8]
Event: 454.313 Thread 0x000001603c18e8e0 2679   !   4       sun.nio.ch.NioSocketImpl::beginRead (30 bytes)
Event: 454.315 Thread 0x000001603c18e8e0 nmethod 2679 0x000001602da6cf10 code [0x000001602da6d080, 0x000001602da6d298]
Event: 454.520 Thread 0x000001603c18f2a0 2680       3       java.lang.ThreadLocal::get (38 bytes)
Event: 454.522 Thread 0x000001603c18f2a0 nmethod 2680 0x0000016026394d10 code [0x0000016026394ee0, 0x0000016026395218]
Event: 454.536 Thread 0x000001603c18f2a0 2681       3       sun.rmi.transport.ObjectTable::removeTarget (62 bytes)
Event: 454.537 Thread 0x000001603c18f2a0 nmethod 2681 0x0000016026395390 code [0x00000160263955c0, 0x0000016026395c98]
Event: 454.537 Thread 0x000001603c18f2a0 2682  s    3       sun.rmi.transport.Target::markRemoved (52 bytes)
Event: 454.538 Thread 0x000001603c18f2a0 nmethod 2682 0x0000016026395f90 code [0x0000016026396180, 0x00000160263966a8]
Event: 454.538 Thread 0x000001603c18f2a0 2683   !   3       sun.rmi.transport.ObjectTable::decrementKeepAliveCount (70 bytes)
Event: 454.539 Thread 0x000001603c18f2a0 nmethod 2683 0x0000016026396890 code [0x0000016026396ac0, 0x0000016026397208]
Event: 454.539 Thread 0x000001603c18f2a0 2684  s    3       sun.rmi.transport.tcp.TCPTransport::targetUnexported (5 bytes)
Event: 454.539 Thread 0x000001603c18f2a0 nmethod 2684 0x0000016026397610 code [0x00000160263977c0, 0x00000160263979a8]
Event: 478.886 Thread 0x000001603c18f2a0 2685       3       java.util.concurrent.locks.AbstractQueuedSynchronizer$ConditionObject::awaitNanos (200 bytes)

GC Heap History (6 events):
Event: 10.652 GC heap before
{Heap before GC invocations=0 (full 0):
 garbage-first heap   total 131072K, used 15360K [0x0000000080000000, 0x0000000100000000)
  region size 1024K, 13 young (13312K), 0 survivors (0K)
 Metaspace       used 14693K, committed 14976K, reserved 1114112K
  class space    used 1542K, committed 1664K, reserved 1048576K
}
Event: 11.040 GC heap after
{Heap after GC invocations=1 (full 0):
 garbage-first heap   total 131072K, used 6960K [0x0000000080000000, 0x0000000100000000)
  region size 1024K, 2 young (2048K), 2 survivors (2048K)
 Metaspace       used 14693K, committed 14976K, reserved 1114112K
  class space    used 1542K, committed 1664K, reserved 1048576K
}
Event: 13.644 GC heap before
{Heap before GC invocations=1 (full 0):
 garbage-first heap   total 131072K, used 16176K [0x0000000080000000, 0x0000000100000000)
  region size 1024K, 12 young (12288K), 2 survivors (2048K)
 Metaspace       used 18780K, committed 19136K, reserved 1114112K
  class space    used 1957K, committed 2112K, reserved 1048576K
}
Event: 13.653 GC heap after
{Heap after GC invocations=2 (full 0):
 garbage-first heap   total 131072K, used 8531K [0x0000000080000000, 0x0000000100000000)
  region size 1024K, 2 young (2048K), 2 survivors (2048K)
 Metaspace       used 18780K, committed 19136K, reserved 1114112K
  class space    used 1957K, committed 2112K, reserved 1048576K
}
Event: 24.904 GC heap before
{Heap before GC invocations=2 (full 0):
 garbage-first heap   total 131072K, used 29011K [0x0000000080000000, 0x0000000100000000)
  region size 1024K, 23 young (23552K), 2 survivors (2048K)
 Metaspace       used 19853K, committed 20160K, reserved 1114112K
  class space    used 2017K, committed 2176K, reserved 1048576K
}
Event: 24.911 GC heap after
{Heap after GC invocations=3 (full 0):
 garbage-first heap   total 131072K, used 9431K [0x0000000080000000, 0x0000000100000000)
  region size 1024K, 1 young (1024K), 1 survivors (1024K)
 Metaspace       used 19853K, committed 20160K, reserved 1114112K
  class space    used 2017K, committed 2176K, reserved 1048576K
}

Dll operation events (1 events):
Event: 0.040 Loaded shared library C:\Program Files\JetBrains\IntelliJ IDEA 2023.3.3\jbr\bin\java.dll

Deoptimization events (20 events):
Event: 347.433 Thread 0x000001603c6bd330 Uncommon trap: trap_request=0xffffff45 fr.pc=0x000001602da178fc relative=0x00000000000017fc
Event: 347.434 Thread 0x000001603c6bd330 Uncommon trap: reason=unstable_if action=reinterpret pc=0x000001602da178fc method=java.lang.ThreadLocal.get()Ljava/lang/Object; @ 11 c2
Event: 347.435 Thread 0x000001603c6bd330 DEOPT PACKING pc=0x000001602da178fc sp=0x00000025ae0fe950
Event: 347.436 Thread 0x000001603c6bd330 DEOPT UNPACKING pc=0x000001602d3a69a3 sp=0x00000025ae0fe578 mode 2
Event: 347.438 Thread 0x000001603c6bd330 Uncommon trap: trap_request=0xffffff45 fr.pc=0x000001602d9b1508 relative=0x00000000000000e8
Event: 347.438 Thread 0x000001603c6bd330 Uncommon trap: reason=unstable_if action=reinterpret pc=0x000001602d9b1508 method=java.lang.ThreadLocal$ThreadLocalMap.getEntry(Ljava/lang/ThreadLocal;)Ljava/lang/ThreadLocal$ThreadLocalMap$Entry; @ 21 c2
Event: 347.438 Thread 0x000001603c6bd330 DEOPT PACKING pc=0x000001602d9b1508 sp=0x00000025ae0fe480
Event: 347.439 Thread 0x000001603c6bd330 DEOPT UNPACKING pc=0x000001602d3a69a3 sp=0x00000025ae0fe398 mode 2
Event: 347.442 Thread 0x000001603c6bd330 Uncommon trap: trap_request=0xffffff45 fr.pc=0x000001602d9f387c relative=0x00000000000001dc
Event: 347.442 Thread 0x000001603c6bd330 Uncommon trap: reason=unstable_if action=reinterpret pc=0x000001602d9f387c method=java.lang.ThreadLocal$ThreadLocalMap.set(Ljava/lang/ThreadLocal;Ljava/lang/Object;)V @ 28 c2
Event: 347.442 Thread 0x000001603c6bd330 DEOPT PACKING pc=0x000001602d9f387c sp=0x00000025ae0fe340
Event: 347.442 Thread 0x000001603c6bd330 DEOPT UNPACKING pc=0x000001602d3a69a3 sp=0x00000025ae0fe300 mode 2
Event: 347.444 Thread 0x000001603c6bd330 Uncommon trap: trap_request=0xffffff45 fr.pc=0x000001602d9ce41c relative=0x000000000000017c
Event: 347.444 Thread 0x000001603c6bd330 Uncommon trap: reason=unstable_if action=reinterpret pc=0x000001602d9ce41c method=sun.nio.ch.Util$BufferCache.get(I)Ljava/nio/ByteBuffer; @ 25 c2
Event: 347.444 Thread 0x000001603c6bd330 DEOPT PACKING pc=0x000001602d9ce41c sp=0x00000025ae0fe5a0
Event: 347.444 Thread 0x000001603c6bd330 DEOPT UNPACKING pc=0x000001602d3a69a3 sp=0x00000025ae0fe560 mode 2
Event: 347.454 Thread 0x000001603c6bd330 Uncommon trap: trap_request=0xffffff45 fr.pc=0x000001602d9ddc60 relative=0x0000000000000840
Event: 347.455 Thread 0x000001603c6bd330 Uncommon trap: reason=unstable_if action=reinterpret pc=0x000001602d9ddc60 method=sun.nio.ch.Util$BufferCache.get(I)Ljava/nio/ByteBuffer; @ 47 c2
Event: 347.455 Thread 0x000001603c6bd330 DEOPT PACKING pc=0x000001602d9ddc60 sp=0x00000025ae0fe510
Event: 347.455 Thread 0x000001603c6bd330 DEOPT UNPACKING pc=0x000001602d3a69a3 sp=0x00000025ae0fe3d8 mode 2

Classes unloaded (0 events):
No events

Classes redefined (0 events):
No events

Internal exceptions (20 events):
Event: 12.338 Thread 0x000001603c6bce20 Exception <a 'java/lang/NoSuchMethodError'{0x0000000087a87a18}: 'java.lang.Object java.lang.invoke.DirectMethodHandle$Holder.invokeStaticInit(java.lang.Object, java.lang.Object, java.lang.Object)'> (0x0000000087a87a18) 
thrown [s\src\hotspot\share\interpreter\linkResolver.cpp, line 771]
Event: 12.444 Thread 0x000001603c6bce20 Exception <a 'java/lang/NoSuchMethodError'{0x0000000087ae16d8}: 'java.lang.Object java.lang.invoke.DirectMethodHandle$Holder.newInvokeSpecial(java.lang.Object, java.lang.Object, int)'> (0x0000000087ae16d8) 
thrown [s\src\hotspot\share\interpreter\linkResolver.cpp, line 771]
Event: 13.641 Thread 0x000001603c6bce20 Exception <a 'java/lang/NoSuchMethodError'{0x00000000876f52e0}: static Lcom/intellij/database/remote/jdba/core/ConnectionInfo;.<clinit>()V> (0x00000000876f52e0) 
thrown [s\src\hotspot\share\prims\jni.cpp, line 1108]
Event: 13.644 Thread 0x000001603c6bce20 Exception <a 'java/lang/NoSuchMethodError'{0x00000000876ff698}: static Ljava/lang/Object;.<clinit>()V> (0x00000000876ff698) 
thrown [s\src\hotspot\share\prims\jni.cpp, line 1108]
Event: 13.657 Thread 0x000001603c6bce20 Exception <a 'java/lang/NoSuchMethodError'{0x0000000087f03c20}: static [I.<clinit>()V> (0x0000000087f03c20) 
thrown [s\src\hotspot\share\prims\jni.cpp, line 1108]
Event: 14.086 Thread 0x000001603c6bce20 Exception <a 'java/lang/NoSuchMethodError'{0x0000000087d3c988}: static Lcom/intellij/database/remote/jdba/core/ResultLayout;.<clinit>()V> (0x0000000087d3c988) 
thrown [s\src\hotspot\share\prims\jni.cpp, line 1108]
Event: 14.088 Thread 0x000001603c6bce20 Exception <a 'java/lang/NoSuchMethodError'{0x0000000087d492d0}: static Lcom/intellij/database/remote/jdba/core/RowLayout;.<clinit>()V> (0x0000000087d492d0) 
thrown [s\src\hotspot\share\prims\jni.cpp, line 1108]
Event: 14.093 Thread 0x000001603c6bce20 Exception <a 'java/lang/NoSuchMethodError'{0x0000000087d55d60}: static Lcom/intellij/database/remote/jdba/util/NameAndClass;.<clinit>()V> (0x0000000087d55d60) 
thrown [s\src\hotspot\share\prims\jni.cpp, line 1108]
Event: 16.280 Thread 0x000001603c6bce20 Exception <a 'java/lang/NoSuchMethodError'{0x0000000087b342f8}: static [Ljava/lang/Object;.<clinit>()V> (0x0000000087b342f8) 
thrown [s\src\hotspot\share\prims\jni.cpp, line 1108]
Event: 16.723 Thread 0x000001603c6bce20 Exception <a 'java/lang/NoSuchMethodError'{0x0000000087ab3418}: static [Ljava/lang/String;.<clinit>()V> (0x0000000087ab3418) 
thrown [s\src\hotspot\share\prims\jni.cpp, line 1108]
Event: 22.264 Thread 0x000001603c6bce20 Exception <a 'java/lang/NoSuchMethodError'{0x000000008723e120}: static [J.<clinit>()V> (0x000000008723e120) 
thrown [s\src\hotspot\share\prims\jni.cpp, line 1108]
Event: 47.439 Thread 0x000001603c6bce20 Exception <a 'java/lang/NoSuchMethodError'{0x0000000086ee4cf8}: static [Ljava/rmi/server/ObjID;.<clinit>()V> (0x0000000086ee4cf8) 
thrown [s\src\hotspot\share\prims\jni.cpp, line 1108]
Event: 47.449 Thread 0x000001603c6bce20 Exception <a 'java/lang/NoSuchMethodError'{0x0000000086eec698}: 'void java.lang.invoke.DirectMethodHandle$Holder.invokeSpecial(java.lang.Object, java.lang.Object, java.lang.Object)'> (0x0000000086eec698) 
thrown [s\src\hotspot\share\interpreter\linkResolver.cpp, line 771]
Event: 47.449 Thread 0x000001603c6bce20 Exception <a 'java/lang/NoSuchMethodError'{0x0000000086eefc00}: 'void java.lang.invoke.Invokers$Holder.invoke_MT(java.lang.Object, java.lang.Object, java.lang.Object)'> (0x0000000086eefc00) 
thrown [s\src\hotspot\share\interpreter\linkResolver.cpp, line 771]
Event: 47.471 Thread 0x000001603c6bd330 Exception <a 'java/lang/InterruptedException'{0x0000000086c00800}> (0x0000000086c00800) 
thrown [s\src\hotspot\share\runtime\objectMonitor.cpp, line 1658]
Event: 47.474 Thread 0x000001603c6bd330 Exception <a 'java/lang/NoSuchMethodError'{0x0000000086c08fa8}: 'java.lang.Object java.lang.invoke.DirectMethodHandle$Holder.newInvokeSpecial(java.lang.Object, java.lang.Object, int, java.lang.Object, long)'> (0x0000000086c08fa8) 
thrown [s\src\hotspot\share\interpreter\linkResolver.cpp, line 771]
Event: 48.423 Thread 0x000001603c6bce20 Exception <a 'java/lang/NoSuchMethodError'{0x0000000086bf1700}: static Lcom/intellij/database/remote/jdbc/RemoteResultSet$DataRetrievingOptions;.<clinit>()V> (0x0000000086bf1700) 
thrown [s\src\hotspot\share\prims\jni.cpp, line 1108]
Event: 347.433 Thread 0x000001603c6bd330 Implicit null exception at 0x000001602da1644c to 0x000001602da178c8
Event: 347.438 Thread 0x000001603c6bd330 Implicit null exception at 0x000001602d9b1477 to 0x000001602d9b14f0
Event: 347.442 Thread 0x000001603c6bd330 Implicit null exception at 0x000001602d9f36fb to 0x000001602d9f3850

VM Operations (20 events):
Event: 62.450 Executing VM operation: HandshakeAllThreads
Event: 62.450 Executing VM operation: HandshakeAllThreads done
Event: 347.834 Executing VM operation: Cleanup
Event: 347.834 Executing VM operation: Cleanup done
Event: 348.836 Executing VM operation: Cleanup
Event: 348.837 Executing VM operation: Cleanup done
Event: 353.865 Executing VM operation: Cleanup
Event: 353.865 Executing VM operation: Cleanup done
Event: 361.018 Executing VM operation: HandshakeAllThreads
Event: 361.018 Executing VM operation: HandshakeAllThreads done
Event: 409.518 Executing VM operation: Cleanup
Event: 409.518 Executing VM operation: Cleanup done
Event: 413.573 Executing VM operation: Cleanup
Event: 413.573 Executing VM operation: Cleanup done
Event: 421.279 Executing VM operation: HandshakeAllThreads
Event: 421.280 Executing VM operation: HandshakeAllThreads done
Event: 425.325 Executing VM operation: Cleanup
Event: 425.325 Executing VM operation: Cleanup done
Event: 426.327 Executing VM operation: Cleanup
Event: 426.327 Executing VM operation: Cleanup done

Events (20 events):
Event: 454.544 Thread 0x00000160420b1f90 Thread exited: 0x00000160420b1f90
Event: 454.544 Thread 0x00000160420b24a0 Thread exited: 0x00000160420b24a0
Event: 454.545 Thread 0x00000160420b7ab0 Thread exited: 0x00000160420b7ab0
Event: 454.545 Thread 0x00000160420b7090 Thread exited: 0x00000160420b7090
Event: 454.545 Thread 0x00000160420b84d0 Thread exited: 0x00000160420b84d0
Event: 454.546 Thread 0x00000160420b1060 Thread exited: 0x00000160420b1060
Event: 454.547 Thread 0x00000160420b6b80 Thread exited: 0x00000160420b6b80
Event: 454.547 Thread 0x00000160420b29b0 Thread exited: 0x00000160420b29b0
Event: 454.547 Thread 0x00000160420b2ec0 Thread exited: 0x00000160420b2ec0
Event: 454.547 Thread 0x00000160420b6160 Thread exited: 0x00000160420b6160
Event: 454.548 Thread 0x00000160420b33d0 Thread exited: 0x00000160420b33d0
Event: 454.548 Thread 0x00000160420b1570 Thread exited: 0x00000160420b1570
Event: 454.549 Thread 0x00000160420b89e0 Thread exited: 0x00000160420b89e0
Event: 454.549 Thread 0x00000160420b5230 Thread exited: 0x00000160420b5230
Event: 454.549 Thread 0x00000160420b75a0 Thread exited: 0x00000160420b75a0
Event: 454.552 Thread 0x00000160420b4300 Thread exited: 0x00000160420b4300
Event: 454.554 Thread 0x00000160420b1a80 Thread exited: 0x00000160420b1a80
Event: 454.555 Thread 0x00000160420b4810 Thread exited: 0x00000160420b4810
Event: 454.557 Thread 0x00000160420b5740 Thread exited: 0x00000160420b5740
Event: 454.561 Thread 0x00000160420b4d20 Thread exited: 0x00000160420b4d20


Dynamic libraries:
0x00007ff721250000 - 0x00007ff72125a000 	C:\Program Files\JetBrains\IntelliJ IDEA 2023.3.3\jbr\bin\java.exe
0x00007ff994990000 - 0x00007ff994b88000 	C:\Windows\SYSTEM32\ntdll.dll
0x00007ff994080000 - 0x00007ff994142000 	C:\Windows\System32\KERNEL32.DLL
0x00007ff992240000 - 0x00007ff99253f000 	C:\Windows\System32\KERNELBASE.dll
0x00007ff992020000 - 0x00007ff992120000 	C:\Windows\System32\ucrtbase.dll
0x00007ff984a50000 - 0x00007ff984a67000 	C:\Program Files\JetBrains\IntelliJ IDEA 2023.3.3\jbr\bin\jli.dll
0x00007ff992d00000 - 0x00007ff992e9d000 	C:\Windows\System32\USER32.dll
0x00007ff992810000 - 0x00007ff992832000 	C:\Windows\System32\win32u.dll
0x00007ff993940000 - 0x00007ff99396b000 	C:\Windows\System32\GDI32.dll
0x00007ff992600000 - 0x00007ff992717000 	C:\Windows\System32\gdi32full.dll
0x00007ff992720000 - 0x00007ff9927bd000 	C:\Windows\System32\msvcp_win.dll
0x00007ff9896c0000 - 0x00007ff9896db000 	C:\Program Files\JetBrains\IntelliJ IDEA 2023.3.3\jbr\bin\VCRUNTIME140.dll
0x00007ff991380000 - 0x00007ff99161a000 	C:\Windows\WinSxS\amd64_microsoft.windows.common-controls_6595b64144ccf1df_6.0.19041.4355_none_60b8b9eb71f62e16\COMCTL32.dll
0x00007ff992a80000 - 0x00007ff992b1e000 	C:\Windows\System32\msvcrt.dll
0x00007ff993000000 - 0x00007ff99302f000 	C:\Windows\System32\IMM32.DLL
0x00007ff9850a0000 - 0x00007ff9850ac000 	C:\Program Files\JetBrains\IntelliJ IDEA 2023.3.3\jbr\bin\vcruntime140_1.dll
0x00007ff94be90000 - 0x00007ff94bf1d000 	C:\Program Files\JetBrains\IntelliJ IDEA 2023.3.3\jbr\bin\msvcp140.dll
0x00007ff9033c0000 - 0x00007ff904043000 	C:\Program Files\JetBrains\IntelliJ IDEA 2023.3.3\jbr\bin\server\jvm.dll
0x00007ff993c00000 - 0x00007ff993cb1000 	C:\Windows\System32\ADVAPI32.dll
0x00007ff992f60000 - 0x00007ff992fff000 	C:\Windows\System32\sechost.dll
0x00007ff993800000 - 0x00007ff993923000 	C:\Windows\System32\RPCRT4.dll
0x00007ff9925d0000 - 0x00007ff9925f7000 	C:\Windows\System32\bcrypt.dll
0x00007ff991e80000 - 0x00007ff991ecb000 	C:\Windows\SYSTEM32\POWRPROF.dll
0x00007ff97cd90000 - 0x00007ff97cd99000 	C:\Windows\SYSTEM32\WSOCK32.dll
0x00007ff993a70000 - 0x00007ff993adb000 	C:\Windows\System32\WS2_32.dll
0x00007ff97f330000 - 0x00007ff97f33a000 	C:\Windows\SYSTEM32\VERSION.dll
0x00007ff97f7d0000 - 0x00007ff97f7f7000 	C:\Windows\SYSTEM32\WINMM.dll
0x00007ff991e60000 - 0x00007ff991e72000 	C:\Windows\SYSTEM32\UMPDC.dll
0x00007ff98fa00000 - 0x00007ff98fa12000 	C:\Windows\SYSTEM32\kernel.appcore.dll
0x00007ff98f850000 - 0x00007ff98f85a000 	C:\Program Files\JetBrains\IntelliJ IDEA 2023.3.3\jbr\bin\jimage.dll
0x00007ff991920000 - 0x00007ff991b04000 	C:\Windows\SYSTEM32\DBGHELP.DLL
0x00007ff991730000 - 0x00007ff991764000 	C:\Windows\SYSTEM32\dbgcore.DLL
0x00007ff992540000 - 0x00007ff9925c2000 	C:\Windows\System32\bcryptPrimitives.dll
0x00007ff98f6d0000 - 0x00007ff98f6f5000 	C:\Program Files\JetBrains\IntelliJ IDEA 2023.3.3\jbr\bin\java.dll
0x00007ff98aff0000 - 0x00007ff98b008000 	C:\Program Files\JetBrains\IntelliJ IDEA 2023.3.3\jbr\bin\zip.dll
0x00007ff993090000 - 0x00007ff9937fe000 	C:\Windows\System32\SHELL32.dll
0x00007ff98fa20000 - 0x00007ff9901c4000 	C:\Windows\SYSTEM32\windows.storage.dll
0x00007ff993d20000 - 0x00007ff994075000 	C:\Windows\System32\combase.dll
0x00007ff9912e0000 - 0x00007ff99130f000 	C:\Windows\SYSTEM32\Wldp.dll
0x00007ff9929b0000 - 0x00007ff992a7d000 	C:\Windows\System32\OLEAUT32.dll
0x00007ff992c50000 - 0x00007ff992cfd000 	C:\Windows\System32\SHCORE.dll
0x00007ff9939f0000 - 0x00007ff993a45000 	C:\Windows\System32\shlwapi.dll
0x00007ff991f50000 - 0x00007ff991f74000 	C:\Windows\SYSTEM32\profapi.dll
0x00007ff98afd0000 - 0x00007ff98afe9000 	C:\Program Files\JetBrains\IntelliJ IDEA 2023.3.3\jbr\bin\net.dll
0x00007ff98eb00000 - 0x00007ff98ec0d000 	C:\Windows\SYSTEM32\WINHTTP.dll
0x00007ff991040000 - 0x00007ff9910aa000 	C:\Windows\system32\mswsock.dll
0x00007ff98afb0000 - 0x00007ff98afc6000 	C:\Program Files\JetBrains\IntelliJ IDEA 2023.3.3\jbr\bin\nio.dll
0x00007ff990d20000 - 0x00007ff990d5b000 	C:\Windows\SYSTEM32\IPHLPAPI.DLL
0x00007ff9929a0000 - 0x00007ff9929a8000 	C:\Windows\System32\NSI.dll
0x00007ff9857f0000 - 0x00007ff985807000 	C:\Windows\SYSTEM32\dhcpcsvc6.DLL
0x00007ff9872e0000 - 0x00007ff9872fd000 	C:\Windows\SYSTEM32\dhcpcsvc.DLL
0x00007ff990d60000 - 0x00007ff990e2a000 	C:\Windows\SYSTEM32\DNSAPI.dll
0x00007ff991cc0000 - 0x00007ff991cd8000 	C:\Windows\SYSTEM32\CRYPTSP.dll
0x00007ff9909c0000 - 0x00007ff9909f4000 	C:\Windows\system32\rsaenh.dll
0x00007ff991f10000 - 0x00007ff991f3e000 	C:\Windows\SYSTEM32\USERENV.dll
0x00007ff991230000 - 0x00007ff99123c000 	C:\Windows\SYSTEM32\CRYPTBASE.dll
0x00007ff98af80000 - 0x00007ff98af89000 	C:\Program Files\JetBrains\IntelliJ IDEA 2023.3.3\jbr\bin\extnet.dll
0x00007ff984ff0000 - 0x00007ff984ff7000 	C:\Program Files\JetBrains\IntelliJ IDEA 2023.3.3\jbr\bin\rmi.dll
0x00007ff98a500000 - 0x00007ff98a50a000 	C:\Windows\System32\rasadhlp.dll
0x00007ff981ff0000 - 0x00007ff982070000 	C:\Windows\System32\fwpuclnt.dll
0x00007ff98a710000 - 0x00007ff98a719000 	C:\Program Files\JetBrains\IntelliJ IDEA 2023.3.3\jbr\bin\management.dll
0x00007ff986870000 - 0x00007ff98687b000 	C:\Program Files\JetBrains\IntelliJ IDEA 2023.3.3\jbr\bin\management_ext.dll
0x00007ff992f50000 - 0x00007ff992f58000 	C:\Windows\System32\PSAPI.DLL

dbghelp: loaded successfully - version: 4.0.5 - missing functions: none
symbol engine: initialized successfully - sym options: 0x614 - pdb path: .;C:\Program Files\JetBrains\IntelliJ IDEA 2023.3.3\jbr\bin;C:\Windows\SYSTEM32;C:\Windows\WinSxS\amd64_microsoft.windows.common-controls_6595b64144ccf1df_6.0.19041.4355_none_60b8b9eb71f62e16;C:\Program Files\JetBrains\IntelliJ IDEA 2023.3.3\jbr\bin\server

VM Arguments:
jvm_args: -Djava.rmi.server.hostname=127.0.0.1 -Duser.timezone=UTC -Xmx2048m -Xms128m -Djdbc.classpath=C:\Program Files\JetBrains\IntelliJ IDEA 2023.3.3\plugins\DatabaseTools\lib\jdbc-console.jar;C:\Users\blais\AppData\Roaming\JetBrains\IntelliJIdea2023.3\jdbc-drivers\PostgreSQL\42.7.3\org\postgresql\postgresql\42.7.3\postgresql-42.7.3.jar;C:\Users\blais\AppData\Roaming\JetBrains\IntelliJIdea2023.3\jdbc-drivers\PostgreSQL\42.7.3\org\checkerframework\checker-qual\3.42.0\checker-qual-3.42.0.jar;C:\Users\blais\AppData\Roaming\JetBrains\IntelliJIdea2023.3\jdbc-drivers\PostgreSQL\42.7.3\com\github\waffle\waffle-jna\1.9.1\waffle-jna-1.9.1.jar;C:\Users\blais\AppData\Roaming\JetBrains\IntelliJIdea2023.3\jdbc-drivers\PostgreSQL\42.7.3\net\java\dev\jna\jna\4.5.1\jna-4.5.1.jar;C:\Users\blais\AppData\Roaming\JetBrains\IntelliJIdea2023.3\jdbc-drivers\PostgreSQL\42.7.3\net\java\dev\jna\jna-platform\4.5.1\jna-platform-4.5.1.jar;C:\Users\blais\AppData\Roaming\JetBrains\IntelliJIdea2023.3\jdbc-drivers\PostgreSQL\42.7.3\org\slf4j\jcl-over-slf4j\1.7.25\jcl-over-slf4j-1.7.25.jar;C:\Users\blais\AppData\Roaming\JetBrains\IntelliJIdea2023.3\jdbc-drivers\PostgreSQL\42.7.3\org\slf4j\slf4j-api\1.7.25\slf4j-api-1.7.25.jar;C:\Users\blais\AppData\Roaming\JetBrains\IntelliJIdea2023.3\jdbc-drivers\PostgreSQL\42.7.3\com\github\ben-manes\caffeine\caffeine\2.6.2\caffeine-2.6.2.jar --add-exports=java.desktop/sun.awt=ALL-UNNAMED --add-exports=java.desktop/java.awt.peer=ALL-UNNAMED --add-opens=java.desktop/java.awt=ALL-UNNAMED --add-opens=jdk.unsupported/sun.misc=ALL-UNNAMED --add-opens=java.base/java.nio=ALL-UNNAMED --add-opens=java.base/java.util=ALL-UNNAMED -Dfile.encoding=UTF-8 
java_command: com.intellij.database.remote.RemoteJdbcServer org.postgresql.Driver
java_class_path (initial): C:\Program Files\JetBrains\IntelliJ IDEA 2023.3.3\lib\util_rt.jar;C:\Program Files\JetBrains\IntelliJ IDEA 2023.3.3\lib\util-8.jar;C:\Program Files\JetBrains\IntelliJ IDEA 2023.3.3\lib\groovy.jar;C:\Program Files\JetBrains\IntelliJ IDEA 2023.3.3\plugins\DatabaseTools\lib\jdbc-console.jar;C:\Program Files\JetBrains\IntelliJ IDEA 2023.3.3\plugins\grid-core-impl\lib\jdbc-console-types.jar;C:\Program Files\JetBrains\IntelliJ IDEA 2023.3.3\lib\util.jar
Launcher Type: SUN_STANDARD

[Global flags]
     intx CICompilerCount                          = 3                                         {product} {ergonomic}
     uint ConcGCThreads                            = 1                                         {product} {ergonomic}
     uint G1ConcRefinementThreads                  = 4                                         {product} {ergonomic}
   size_t G1HeapRegionSize                         = 1048576                                   {product} {ergonomic}
    uintx GCDrainStackTargetSize                   = 64                                        {product} {ergonomic}
   size_t InitialHeapSize                          = 134217728                                 {product} {command line}
   size_t MarkStackSize                            = 4194304                                   {product} {ergonomic}
   size_t MaxHeapSize                              = 2147483648                                {product} {command line}
   size_t MaxNewSize                               = 1287651328                                {product} {ergonomic}
   size_t MinHeapDeltaBytes                        = 1048576                                   {product} {ergonomic}
   size_t MinHeapSize                              = 134217728                                 {product} {command line}
    uintx NonNMethodCodeHeapSize                   = 5832780                                {pd product} {ergonomic}
    uintx NonProfiledCodeHeapSize                  = 122912730                              {pd product} {ergonomic}
    uintx ProfiledCodeHeapSize                     = 122912730                              {pd product} {ergonomic}
    uintx ReservedCodeCacheSize                    = 251658240                              {pd product} {ergonomic}
     bool SegmentedCodeCache                       = true                                      {product} {ergonomic}
   size_t SoftMaxHeapSize                          = 2147483648                             {manageable} {ergonomic}
     bool UseCompressedClassPointers               = true                           {product lp64_product} {ergonomic}
     bool UseCompressedOops                        = true                           {product lp64_product} {ergonomic}
     bool UseG1GC                                  = true                                      {product} {ergonomic}
     bool UseLargePagesIndividualAllocation        = false                                  {pd product} {ergonomic}

Logging:
Log output configuration:
 #0: stdout all=warning uptime,level,tags
 #1: stderr all=off uptime,level,tags

Environment Variables:
PATH=D:\Oracle\app\oracle\dbhomeXE\bin;C:\Program Files (x86)\Common Files\Oracle\Java\javapath;C:\Program Files\Common Files\Oracle\Java\javapath;C:\Windows\system32;C:\Windows;C:\Windows\System32\Wbem;C:\Windows\System32\WindowsPowerShell\v1.0\;C:\Windows\System32\OpenSSH\;C:\Users\blais\src\flutter\bin;C:\Program Files\nodejs\;C:\ProgramData\chocolatey\bin;C:\Users\blais\AppData\Local\Pub\Cache\bin;C:\Program Files\MongoDB\mongosh-2.2.15-win32-x64\bin;C:\Program Files\Git\cmd;C:\Users\blais\.console-ninja\.bin;C:\Users\blais\AppData\Local\Programs\Python\Python312\Scripts\;C:\Users\blais\AppData\Local\Programs\Python\Python312\;C:\Users\blais\AppData\Local\Microsoft\WindowsApps;C:\Users\blais\AppData\Local\Programs\Microsoft VS Code\bin;C:\Program Files\JetBrains\IntelliJ IDEA 2023.3.3\bin;;C:\Users\blais\src\flutter\bin;C:\Users\blais\AppData\Local\Android\Sdk;C:\Users\blais\AppData\Local\Android\Sdk\platform-tools;C:\Users\blais\AppData\Roaming\npm;C:\Users\blais\AppData\Local\Pub\Cache\bin;
USERNAME=blais
OS=Windows_NT
PROCESSOR_IDENTIFIER=Intel64 Family 6 Model 58 Stepping 9, GenuineIntel
TMP=C:\Users\blais\AppData\Local\Temp
TEMP=C:\Users\blais\AppData\Local\Temp



Periodic native trim disabled

JNI global refs:
JNI global refs: 16, weak refs: 0

JNI global refs memory usage: 843, weak refs: 209

OOME stack traces (most recent first):
Classloader memory used:
Loader bootstrap                                                                       : 1994K
Loader jdk.internal.loader.ClassLoaders$AppClassLoader                                 : 263K
Loader com.intellij.database.remote.jdbc.impl.JdbcClassLoader$JdbcClassLoaderImpl      : 234K
Loader jdk.internal.reflect.DelegatingClassLoader                                      : 41859B
Loader jdk.internal.loader.ClassLoaders$PlatformClassLoader                            : 37859B


---------------  S Y S T E M  ---------------

OS:
 Windows 10 , 64 bit Build 19041 (10.0.19041.5198)
OS uptime: 1 days 19:37 hours

CPU: total 4 (initial active 4) (2 cores per cpu, 2 threads per core) family 6 model 58 stepping 9 microcode 0x21, cx8, cmov, fxsr, ht, mmx, sse, sse2, sse3, ssse3, sse4.1, sse4.2, popcnt, tsc, tscinvbit, avx, aes, erms, clmul, vzeroupper, clflush
Processor Information for all 4 processors :
  Max Mhz: 2701, Current Mhz: 2400, Mhz Limit: 2376

Memory: 4k page, system-wide physical 8095M (144M free)
TotalPageFile size 22151M (AvailPageFile size 8M)
current process WorkingSet (physical memory assigned to process): 39M, peak: 125M
current process commit charge ("private bytes"): 223M, peak: 253M

vm_info: OpenJDK 64-Bit Server VM (17.0.10+1-b1087.17) for windows-amd64 JRE (17.0.10+1-b1087.17), built on 2024-01-19 by "builduser" with MS VC++ 16.10 / 16.11 (VS2019)

END.
