#
# There is insufficient memory for the Java Runtime Environment to continue.
# Native memory allocation (mmap) failed to map 65536 bytes for Failed to commit metaspace.
# Possible reasons:
#   The system is out of physical RAM or swap space
#   The process is running with CompressedOops enabled, and the Java Heap may be blocking the growth of the native heap
# Possible solutions:
#   Reduce memory load on the system
#   Increase physical memory or swap space
#   Check if swap backing store is full
#   Decrease Java heap size (-Xmx/-Xms)
#   Decrease number of Java threads
#   Decrease Java thread stack sizes (-Xss)
#   Set larger code cache with -XX:ReservedCodeCacheSize=
#   JVM is running with Unscaled Compressed Oops mode in which the Java heap is
#     placed in the first 4GB address space. The Java Heap base address is the
#     maximum limit for the native heap growth. Please use -XX:HeapBaseMinAddress
#     to set the Java Heap base and to place the Java Heap above 4GB virtual address.
# This output file may be truncated or incomplete.
#
#  Out of Memory Error (virtualSpaceNode.cpp:110), pid=18260, tid=20976
#
# JRE version: OpenJDK Runtime Environment JBR-17.0.10+1-1087.17-jcef (17.0.10+1) (build 17.0.10+1-b1087.17)
# Java VM: OpenJDK 64-Bit Server VM JBR-17.0.10+1-1087.17-jcef (17.0.10+1-b1087.17, mixed mode, tiered, compressed oops, compressed class ptrs, g1 gc, windows-amd64)
# No core dump will be written. Minidumps are not enabled by default on client versions of Windows
#

---------------  S U M M A R Y ------------

Command Line: -Djava.rmi.server.hostname=127.0.0.1 -Duser.timezone=UTC -Xmx2048m -Xms128m -Djdbc.classpath=C:\Program Files\JetBrains\IntelliJ IDEA 2023.3.3\plugins\DatabaseTools\lib\jdbc-console.jar;C:\Users\blais\AppData\Roaming\JetBrains\IntelliJIdea2023.3\jdbc-drivers\PostgreSQL\42.7.3\org\postgresql\postgresql\42.7.3\postgresql-42.7.3.jar;C:\Users\blais\AppData\Roaming\JetBrains\IntelliJIdea2023.3\jdbc-drivers\PostgreSQL\42.7.3\org\checkerframework\checker-qual\3.42.0\checker-qual-3.42.0.jar;C:\Users\blais\AppData\Roaming\JetBrains\IntelliJIdea2023.3\jdbc-drivers\PostgreSQL\42.7.3\com\github\waffle\waffle-jna\1.9.1\waffle-jna-1.9.1.jar;C:\Users\blais\AppData\Roaming\JetBrains\IntelliJIdea2023.3\jdbc-drivers\PostgreSQL\42.7.3\net\java\dev\jna\jna\4.5.1\jna-4.5.1.jar;C:\Users\blais\AppData\Roaming\JetBrains\IntelliJIdea2023.3\jdbc-drivers\PostgreSQL\42.7.3\net\java\dev\jna\jna-platform\4.5.1\jna-platform-4.5.1.jar;C:\Users\blais\AppData\Roaming\JetBrains\IntelliJIdea2023.3\jdbc-drivers\PostgreSQL\42.7.3\org\slf4j\jcl-over-slf4j\1.7.25\jcl-over-slf4j-1.7.25.jar;C:\Users\blais\AppData\Roaming\JetBrains\IntelliJIdea2023.3\jdbc-drivers\PostgreSQL\42.7.3\org\slf4j\slf4j-api\1.7.25\slf4j-api-1.7.25.jar;C:\Users\blais\AppData\Roaming\JetBrains\IntelliJIdea2023.3\jdbc-drivers\PostgreSQL\42.7.3\com\github\ben-manes\caffeine\caffeine\2.6.2\caffeine-2.6.2.jar --add-exports=java.desktop/sun.awt=ALL-UNNAMED --add-exports=java.desktop/java.awt.peer=ALL-UNNAMED --add-opens=java.desktop/java.awt=ALL-UNNAMED --add-opens=jdk.unsupported/sun.misc=ALL-UNNAMED --add-opens=java.base/java.nio=ALL-UNNAMED --add-opens=java.base/java.util=ALL-UNNAMED -Dfile.encoding=UTF-8 com.intellij.database.remote.RemoteJdbcServer org.postgresql.Driver

Host: Intel(R) Core(TM) i5-3340M CPU @ 2.70GHz, 4 cores, 7G,  Windows 10 , 64 bit Build 19041 (10.0.19041.5198)
Time: Sun Feb  9 12:39:35 2025 South Africa Standard Time elapsed time: 0.194313 seconds (0d 0h 0m 0s)

---------------  T H R E A D  ---------------

Current thread (0x000001e805e02f40):  JavaThread "main" [_thread_in_vm, id=20976, stack(0x000000e045300000,0x000000e045400000)]

Stack: [0x000000e045300000,0x000000e045400000]
Native frames: (J=compiled Java code, j=interpreted, Vv=VM code, C=native code)
V  [jvm.dll+0x688ac9]
V  [jvm.dll+0x84220a]
V  [jvm.dll+0x843e4e]
V  [jvm.dll+0x8444b3]
V  [jvm.dll+0x24ba8f]
V  [jvm.dll+0x83d1eb]
V  [jvm.dll+0x62d0e6]
V  [jvm.dll+0x1c284e]
V  [jvm.dll+0x62fa41]
V  [jvm.dll+0x62da86]
V  [jvm.dll+0x248b9c]
V  [jvm.dll+0x6e028d]
V  [jvm.dll+0x6e0ccf]
V  [jvm.dll+0x378a70]
V  [jvm.dll+0x377a94]
V  [jvm.dll+0x377a38]
V  [jvm.dll+0x81720b]
C  0x000001e810abd581

The last pc belongs to method entry point (kind = native) (printed below).
Java frames: (J=compiled Java code, j=interpreted, Vv=VM code)
j  jdk.internal.misc.Unsafe.ensureClassInitialized0(Ljava/lang/Class;)V+0 java.base@17.0.10
j  jdk.internal.misc.Unsafe.ensureClassInitialized(Ljava/lang/Class;)V+14 java.base@17.0.10
j  java.lang.invoke.DelegatingMethodHandle.<clinit>()V+71 java.base@17.0.10
v  ~StubRoutines::call_stub
j  java.lang.invoke.MethodHandleImpl.makeIntrinsic(Ljava/lang/invoke/MethodHandle;Ljava/lang/invoke/MethodHandleImpl$Intrinsic;Ljava/lang/Object;)Ljava/lang/invoke/MethodHandle;+10 java.base@17.0.10
j  java.lang.invoke.MethodHandleImpl.makeIntrinsic(Ljava/lang/invoke/MethodHandle;Ljava/lang/invoke/MethodHandleImpl$Intrinsic;)Ljava/lang/invoke/MethodHandle;+3 java.base@17.0.10
j  java.lang.invoke.LambdaForm.createFormsFor(Ljava/lang/invoke/LambdaForm$BasicType;)V+341 java.base@17.0.10
j  java.lang.invoke.LambdaForm.identityForm(Ljava/lang/invoke/LambdaForm$BasicType;)Ljava/lang/invoke/LambdaForm;+18 java.base@17.0.10
j  java.lang.invoke.MethodHandles.makeIdentity(Ljava/lang/Class;)Ljava/lang/invoke/MethodHandle;+10 java.base@17.0.10
j  java.lang.invoke.MethodHandles.identity(Ljava/lang/Class;)Ljava/lang/invoke/MethodHandle;+41 java.base@17.0.10
j  java.lang.invoke.MethodHandles.constant(Ljava/lang/Class;Ljava/lang/Object;)Ljava/lang/invoke/MethodHandle;+80 java.base@17.0.10
j  java.lang.invoke.InnerClassLambdaMetafactory.buildCallSite()Ljava/lang/invoke/CallSite;+140 java.base@17.0.10
j  java.lang.invoke.LambdaMetafactory.metafactory(Ljava/lang/invoke/MethodHandles$Lookup;Ljava/lang/String;Ljava/lang/invoke/MethodType;Ljava/lang/invoke/MethodType;Ljava/lang/invoke/MethodHandle;Ljava/lang/invoke/MethodType;)Ljava/lang/invoke/CallSite;+67 java.base@17.0.10
j  java.lang.invoke.DirectMethodHandle$Holder.invokeStatic(Ljava/lang/Object;Ljava/lang/Object;Ljava/lang/Object;Ljava/lang/Object;Ljava/lang/Object;Ljava/lang/Object;Ljava/lang/Object;)Ljava/lang/Object;+20 java.base@17.0.10
j  java.lang.invoke.Invokers$Holder.invokeExact_MT(Ljava/lang/Object;Ljava/lang/Object;Ljava/lang/Object;Ljava/lang/Object;Ljava/lang/Object;Ljava/lang/Object;Ljava/lang/Object;Ljava/lang/Object;)Ljava/lang/Object;+28 java.base@17.0.10
j  java.lang.invoke.BootstrapMethodInvoker.invoke(Ljava/lang/Class;Ljava/lang/invoke/MethodHandle;Ljava/lang/String;Ljava/lang/Object;Ljava/lang/Object;Ljava/lang/Class;)Ljava/lang/Object;+319 java.base@17.0.10
j  java.lang.invoke.CallSite.makeSite(Ljava/lang/invoke/MethodHandle;Ljava/lang/String;Ljava/lang/invoke/MethodType;Ljava/lang/Object;Ljava/lang/Class;)Ljava/lang/invoke/CallSite;+8 java.base@17.0.10
j  java.lang.invoke.MethodHandleNatives.linkCallSiteImpl(Ljava/lang/Class;Ljava/lang/invoke/MethodHandle;Ljava/lang/String;Ljava/lang/invoke/MethodType;Ljava/lang/Object;[Ljava/lang/Object;)Ljava/lang/invoke/MemberName;+6 java.base@17.0.10
j  java.lang.invoke.MethodHandleNatives.linkCallSite(Ljava/lang/Object;ILjava/lang/Object;Ljava/lang/Object;Ljava/lang/Object;Ljava/lang/Object;[Ljava/lang/Object;)Ljava/lang/invoke/MemberName;+46 java.base@17.0.10
v  ~StubRoutines::call_stub
j  jdk.internal.module.ModuleBootstrap.decode(Ljava/lang/String;Ljava/lang/String;Z)Ljava/util/Map;+193 java.base@17.0.10
j  jdk.internal.module.ModuleBootstrap.decode(Ljava/lang/String;)Ljava/util/Map;+5 java.base@17.0.10
j  jdk.internal.module.ModuleBootstrap.addExtraExportsAndOpens(Ljava/lang/ModuleLayer;)Z+7 java.base@17.0.10
j  jdk.internal.module.ModuleBootstrap.boot2()Ljava/lang/ModuleLayer;+1240 java.base@17.0.10
j  jdk.internal.module.ModuleBootstrap.boot()Ljava/lang/ModuleLayer;+64 java.base@17.0.10
j  java.lang.System.initPhase2(ZZ)I+0 java.base@17.0.10
v  ~StubRoutines::call_stub
method entry point (kind = native)  [0x000001e810abd1a0, 0x000001e810abdb20]  2432 bytes
[MachCode]
  0x000001e810abd1a0: 488b 4b08 | 0fb7 492c | 584c 8d74 | ccf8 6800 | 0000 0068 | 0000 0000 | 5055 488b | ec41 5568 
  0x000001e810abd1c0: 0000 0000 | 4c8b 6b08 | 4d8d 6d30 | 5348 8b53 | 0848 8b52 | 0848 8b52 | 1848 8b52 | 7048 8b12 
  0x000001e810abd1e0: 5248 8b53 | 1048 85d2 | 0f84 0700 | 0000 4881 | c208 0100 | 0052 488b | 5308 488b | 5208 488b 
  0x000001e810abd200: 5210 5241 | 5668 0000 | 0000 6800 | 0000 0048 | 8924 2441 | c687 7903 | 0000 0148 | 8b43 1048 
  0x000001e810abd220: 85c0 7420 | 8b88 cc00 | 0000 83c1 | 0289 88cc | 0000 0023 | 88e0 0000 | 000f 842f | 0800 00e9 
  0x000001e810abd240: d100 0000 | 488b 4318 | 4885 c00f | 85b2 0000 | 00e8 0500 | 0000 e99b | 0000 0048 | 8bd3 488d 
  0x000001e810abd260: 4424 084c | 896d c049 | 8bcf c5f8 | 7749 89af | a802 0000 | 4989 8798 | 0200 0048 | 83ec 20f7 
  0x000001e810abd280: c40f 0000 | 000f 841a | 0000 0048 | 83ec 0849 | ba30 8374 | 03f9 7f00 | 0041 ffd2 | 4883 c408 
  0x000001e810abd2a0: e90d 0000 | 0049 ba30 | 8374 03f9 | 7f00 0041 | ffd2 4883 | c420 49c7 | 8798 0200 | 0000 0000 
  0x000001e810abd2c0: 0049 c787 | a802 0000 | 0000 0000 | 49c7 87a0 | 0200 0000 | 0000 00c5 | f877 4981 | 7f08 0000 
  0x000001e810abd2e0: 0000 0f84 | 0500 0000 | e913 3cff | ff4c 8b6d | c04c 8b75 | c8c3 488b | 4318 4885 | c00f 8412 
  0x000001e810abd300: 0000 008b | 4808 83c1 | 0289 4808 | 2348 200f | 8459 0700 | 0089 8424 | 0090 ffff | 41c6 8779 
  0x000001e810abd320: 0300 0000 | 49ba 8839 | f503 f97f | 0000 4180 | 3a00 0f84 | 4200 0000 | 488b 55e8 | 498b cf48 
  0x000001e810abd340: 83ec 20f7 | c40f 0000 | 000f 841a | 0000 0048 | 83ec 0849 | ba70 f1aa | 03f9 7f00 | 0041 ffd2 
  0x000001e810abd360: 4883 c408 | e90d 0000 | 0049 ba70 | f1aa 03f9 | 7f00 0041 | ffd2 4883 | c420 488b | 5de8 4c8b 
  0x000001e810abd380: 5b08 450f | b75b 2c41 | c1e3 0349 | 2be3 4883 | ec20 4883 | e4f0 4c8b | 5b70 4d85 | db0f 85ad 
  0x000001e810abd3a0: 0000 00e8 | 0500 0000 | e99b 0000 | 0048 8bd3 | 488d 4424 | 084c 896d | c049 8bcf | c5f8 7749 
  0x000001e810abd3c0: 89af a802 | 0000 4989 | 8798 0200 | 0048 83ec | 20f7 c40f | 0000 000f | 841a 0000 | 0048 83ec 
  0x000001e810abd3e0: 0849 bab0 | ad74 03f9 | 7f00 0041 | ffd2 4883 | c408 e90d | 0000 0049 | bab0 ad74 | 03f9 7f00 
  0x000001e810abd400: 0041 ffd2 | 4883 c420 | 49c7 8798 | 0200 0000 | 0000 0049 | c787 a802 | 0000 0000 | 0000 49c7 
  0x000001e810abd420: 87a0 0200 | 0000 0000 | 00c5 f877 | 4981 7f08 | 0000 0000 | 0f84 0500 | 0000 e9c1 | 3aff ff4c 
  0x000001e810abd440: 8b6d c04c | 8b75 c8c3 | 488b 5de8 | 4c8b 5b70 | 41ff d348 | 8b5d e848 | 8945 1844 | 8b5b 2841 
  0x000001e810abd460: f7c3 0800 | 0000 0f84 | 1b00 0000 | 4c8b 5b08 | 4d8b 5b08 | 4d8b 5b18 | 4d8b 5b70 | 4d8b 1b4c 
  0x000001e810abd480: 895d 1048 | 8d55 1048 | 8b43 6849 | ba10 40ab | 03f9 7f00 | 0049 3bc2 | 0f85 ad00 | 0000 e805 
  0x000001e810abd4a0: 0000 00e9 | 9b00 0000 | 488b d348 | 8d44 2408 | 4c89 6dc0 | 498b cfc5 | f877 4989 | afa8 0200 
  0x000001e810abd4c0: 0049 8987 | 9802 0000 | 4883 ec20 | f7c4 0f00 | 0000 0f84 | 1a00 0000 | 4883 ec08 | 49ba b0ad 
  0x000001e810abd4e0: 7403 f97f | 0000 41ff | d248 83c4 | 08e9 0d00 | 0000 49ba | b0ad 7403 | f97f 0000 | 41ff d248 
  0x000001e810abd500: 83c4 2049 | c787 9802 | 0000 0000 | 0000 49c7 | 87a8 0200 | 0000 0000 | 0049 c787 | a002 0000 
  0x000001e810abd520: 0000 0000 | c5f8 7749 | 817f 0800 | 0000 000f | 8405 0000 | 00e9 c639 | ffff 4c8b | 6dc0 4c8b 
  0x000001e810abd540: 75c8 c348 | 8b5d e848 | 8b43 6849 | 8d8f b802 | 0000 c5f8 | 7749 89af | a802 0000 | 49ba 52d5 
  0x000001e810abd560: ab10 e801 | 0000 4d89 | 97a0 0200 | 0049 89a7 | 9802 0000 | 41c7 8748 | 0300 0004 | 0000 00ff 
  0x000001e810abd580: d0c5 f877 | 4883 ec10 | c5fb 1104 | 2448 83ec | 1048 8904 | 2448 c744 | 2408 0000 | 0000 41c7 
  0x000001e810abd5a0: 8748 0300 | 0005 0000 | 00f0 8344 | 24c0 0049 | 3baf 5003 | 0000 0f87 | 1100 0000 | 4181 bf38 
  0x000001e810abd5c0: 0300 0000 | 0000 000f | 8421 0000 | 0049 8bcf | 4c8b e448 | 83ec 2048 | 83e4 f049 | ba40 0fbb 
  0x000001e810abd5e0: 03f9 7f00 | 0041 ffd2 | 498b e44d | 33e4 41c7 | 8748 0300 | 0008 0000 | 0049 c787 | 9802 0000 
  0x000001e810abd600: 0000 0000 | 49c7 87a8 | 0200 0000 | 0000 0049 | c787 a002 | 0000 0000 | 0000 c5f8 | 774d 8b9f 
  0x000001e810abd620: d800 0000 | 41c7 8300 | 0100 0000 | 0000 0049 | bb5b afab | 10e8 0100 | 004c 3b5d | 180f 85b9 
  0x000001e810abd640: 0000 0048 | 8b04 2448 | 83c4 1048 | 85c0 0f84 | 9300 0000 | 48f7 c001 | 0000 000f | 8483 0000 
  0x000001e810abd660: 0048 8b40 | ff41 807f | 3800 0f84 | 6f00 0000 | 4883 f800 | 0f84 6500 | 0000 4d8b | 5f20 4983 
  0x000001e810abd680: fb00 0f84 | 1400 0000 | 4983 eb08 | 4d89 5f20 | 4d03 5f30 | 4989 03e9 | 4300 0000 | 5049 8bd7 
  0x000001e810abd6a0: 488b c848 | 83ec 20f7 | c40f 0000 | 000f 841a | 0000 0048 | 83ec 0849 | bad0 8b69 | 03f9 7f00 
  0x000001e810abd6c0: 0041 ffd2 | 4883 c408 | e90d 0000 | 0049 bad0 | 8b69 03f9 | 7f00 0041 | ffd2 4883 | c420 58e9 
  0x000001e810abd6e0: 0300 0000 | 488b 0048 | 8945 1048 | 83ec 1048 | 8904 2448 | c744 2408 | 0000 0000 | 4181 bfb8 
  0x000001e810abd700: 0300 0002 | 0000 000f | 85c0 0000 | 0048 81ec | 8000 0000 | 4889 4424 | 7848 894c | 2470 4889 
  0x000001e810abd720: 5424 6848 | 895c 2460 | 4889 6c24 | 5048 8974 | 2448 4889 | 7c24 404c | 8944 2438 | 4c89 4c24 
  0x000001e810abd740: 304c 8954 | 2428 4c89 | 5c24 204c | 8964 2418 | 4c89 6c24 | 104c 8974 | 2408 4c89 | 3c24 4c8b 
  0x000001e810abd760: e448 83ec | 2048 83e4 | f049 baf0 | 21ab 03f9 | 7f00 0041 | ffd2 498b | e44c 8b3c | 244c 8b74 
  0x000001e810abd780: 2408 4c8b | 6c24 104c | 8b64 2418 | 4c8b 5c24 | 204c 8b54 | 2428 4c8b | 4c24 304c | 8b44 2438 
  0x000001e810abd7a0: 488b 7c24 | 4048 8b74 | 2448 488b | 6c24 5048 | 8b5c 2460 | 488b 5424 | 6848 8b4c | 2470 488b 
  0x000001e810abd7c0: 4424 7848 | 81c4 8000 | 0000 4d33 | e448 8b5d | e84c 8b6b | 084d 8d6d | 3049 817f | 0800 0000 
  0x000001e810abd7e0: 000f 84be | 0000 00e8 | 0500 0000 | e998 0000 | 0048 8d44 | 2408 4c89 | 6dc0 498b | cfc5 f877 
  0x000001e810abd800: 4989 afa8 | 0200 0049 | 8987 9802 | 0000 4883 | ec20 f7c4 | 0f00 0000 | 0f84 1a00 | 0000 4883 
  0x000001e810abd820: ec08 49ba | d0cb 7403 | f97f 0000 | 41ff d248 | 83c4 08e9 | 0d00 0000 | 49ba d0cb | 7403 f97f 
  0x000001e810abd840: 0000 41ff | d248 83c4 | 2049 c787 | 9802 0000 | 0000 0000 | 49c7 87a8 | 0200 0000 | 0000 0049 
  0x000001e810abd860: c787 a002 | 0000 0000 | 0000 c5f8 | 7749 817f | 0800 0000 | 000f 8405 | 0000 00e9 | 8036 ffff 
  0x000001e810abd880: 4c8b 6dc0 | 4c8b 75c8 | c348 b9a0 | 7dcf 03f9 | 7f00 0048 | 83e4 f049 | ba30 e197 | 03f9 7f00 
  0x000001e810abd8a0: 0041 ffd2 | f444 8b5b | 2841 f7c3 | 2000 0000 | 0f84 3f01 | 0000 488d | 55a8 4c8b | 5a08 4d85 
  0x000001e810abd8c0: db0f 85be | 0000 00e8 | 0500 0000 | e998 0000 | 0048 8d44 | 2408 4c89 | 6dc0 498b | cfc5 f877 
  0x000001e810abd8e0: 4989 afa8 | 0200 0049 | 8987 9802 | 0000 4883 | ec20 f7c4 | 0f00 0000 | 0f84 1a00 | 0000 4883 
  0x000001e810abd900: ec08 49ba | f0ca 7403 | f97f 0000 | 41ff d248 | 83c4 08e9 | 0d00 0000 | 49ba f0ca | 7403 f97f 
  0x000001e810abd920: 0000 41ff | d248 83c4 | 2049 c787 | 9802 0000 | 0000 0000 | 49c7 87a8 | 0200 0000 | 0000 0049 
  0x000001e810abd940: c787 a002 | 0000 0000 | 0000 c5f8 | 7749 817f | 0800 0000 | 000f 8405 | 0000 00e9 | a035 ffff 
  0x000001e810abd960: 4c8b 6dc0 | 4c8b 75c8 | c348 b9a0 | 7dcf 03f9 | 7f00 0048 | 83e4 f049 | ba30 e197 | 03f9 7f00 
  0x000001e810abd980: 0041 ffd2 | f44c 896d | c048 8d02 | 4c8b 4a08 | 48c7 4208 | 0000 0000 | 4c8b 004d | 85c0 0f84 
  0x000001e810abd9a0: 4d00 0000 | f04d 0fb1 | 010f 8442 | 0000 004c | 894a 0848 | 8bca 4883 | ec20 f7c4 | 0f00 0000 
  0x000001e810abd9c0: 0f84 1a00 | 0000 4883 | ec08 49ba | 209d 7403 | f97f 0000 | 41ff d248 | 83c4 08e9 | 0d00 0000 
  0x000001e810abd9e0: 49ba 209d | 7403 f97f | 0000 41ff | d248 83c4 | 204c 8b6d | c049 ba88 | 39f5 03f9 | 7f00 0041 
  0x000001e810abda00: 803a 000f | 8442 0000 | 0048 8b55 | e849 8bcf | 4883 ec20 | f7c4 0f00 | 0000 0f84 | 1a00 0000 
  0x000001e810abda20: 4883 ec08 | 49ba 70f1 | aa03 f97f | 0000 41ff | d248 83c4 | 08e9 0d00 | 0000 49ba | 70f1 aa03 
  0x000001e810abda40: f97f 0000 | 41ff d248 | 83c4 2048 | 8b04 2448 | 83c4 10c5 | fb10 0424 | 4883 c410 | 4c8b 5d18 
  0x000001e810abda60: 41ff d34c | 8b5d f8c9 | 5f49 8be3 | ffe7 ba00 | 0000 00e8 | 0500 0000 | e998 0000 | 0048 8d44 
  0x000001e810abda80: 2408 4c89 | 6dc0 498b | cfc5 f877 | 4989 afa8 | 0200 0049 | 8987 9802 | 0000 4883 | ec20 f7c4 
  0x000001e810abdaa0: 0f00 0000 | 0f84 1a00 | 0000 4883 | ec08 49ba | 208e 7403 | f97f 0000 | 41ff d248 | 83c4 08e9 
  0x000001e810abdac0: 0d00 0000 | 49ba 208e | 7403 f97f | 0000 41ff | d248 83c4 | 2049 c787 | 9802 0000 | 0000 0000 
  0x000001e810abdae0: 49c7 87a8 | 0200 0000 | 0000 0049 | c787 a002 | 0000 0000 | 0000 c5f8 | 7749 817f | 0800 0000 
  0x000001e810abdb00: 000f 8405 | 0000 00e9 | f433 ffff | 4c8b 6dc0 | 4c8b 75c8 | c348 8b5d | e8e9 f7f7 | ffff 6690 
[/MachCode]

---------------  P R O C E S S  ---------------

Threads class SMR info:
_java_thread_list=0x000001e81f81f850, length=10, elements={
0x000001e805e02f40, 0x000001e81f81a250, 0x000001e81f81bff0, 0x000001e81f807a90,
0x000001e81f808460, 0x000001e81f6acff0, 0x000001e81f6ad8c0, 0x000001e81f844b00,
0x000001e81f84dc30, 0x000001e81f850d30
}

Java Threads: ( => current thread )
=>0x000001e805e02f40 JavaThread "main" [_thread_in_vm, id=20976, stack(0x000000e045300000,0x000000e045400000)]
  0x000001e81f81a250 JavaThread "Reference Handler" daemon [_thread_blocked, id=12764, stack(0x000000e045a00000,0x000000e045b00000)]
  0x000001e81f81bff0 JavaThread "Finalizer" daemon [_thread_blocked, id=11080, stack(0x000000e045b00000,0x000000e045c00000)]
  0x000001e81f807a90 JavaThread "Signal Dispatcher" daemon [_thread_blocked, id=1288, stack(0x000000e045c00000,0x000000e045d00000)]
  0x000001e81f808460 JavaThread "Attach Listener" daemon [_thread_blocked, id=2256, stack(0x000000e045d00000,0x000000e045e00000)]
  0x000001e81f6acff0 JavaThread "Service Thread" daemon [_thread_blocked, id=17120, stack(0x000000e045e00000,0x000000e045f00000)]
  0x000001e81f6ad8c0 JavaThread "Monitor Deflation Thread" daemon [_thread_blocked, id=17804, stack(0x000000e045f00000,0x000000e046000000)]
  0x000001e81f844b00 JavaThread "C2 CompilerThread0" daemon [_thread_blocked, id=17108, stack(0x000000e046000000,0x000000e046100000)]
  0x000001e81f84dc30 JavaThread "C1 CompilerThread0" daemon [_thread_blocked, id=3496, stack(0x000000e046100000,0x000000e046200000)]
  0x000001e81f850d30 JavaThread "Sweeper thread" daemon [_thread_blocked, id=7808, stack(0x000000e046200000,0x000000e046300000)]

Other Threads:
  0x000001e81f7f78f0 VMThread "VM Thread" [stack: 0x000000e045900000,0x000000e045a00000] [id=20196]
  0x000001e805e5e320 GCTaskThread "GC Thread#0" [stack: 0x000000e045400000,0x000000e045500000] [id=8732]
  0x000001e805e6f180 ConcurrentGCThread "G1 Main Marker" [stack: 0x000000e045500000,0x000000e045600000] [id=4384]
  0x000001e805e70250 ConcurrentGCThread "G1 Conc#0" [stack: 0x000000e045600000,0x000000e045700000] [id=7024]
  0x000001e805ebe100 ConcurrentGCThread "G1 Refine#0" [stack: 0x000000e045700000,0x000000e045800000] [id=5856]
  0x000001e805ebe8e0 ConcurrentGCThread "G1 Service" [stack: 0x000000e045800000,0x000000e045900000] [id=7556]

Threads with active compile tasks:

VM state: not at safepoint (normal execution)

VM Mutex/Monitor currently owned by a thread:  ([mutex/lock_event])
[0x000001e805dfb8b0] Metaspace_lock - owner thread: 0x000001e805e02f40

Heap address: 0x0000000080000000, size: 2048 MB, Compressed Oops mode: 32-bit

CDS archive(s) not mapped
Compressed class space mapped at: 0x0000000100000000-0x0000000140000000, reserved size: 1073741824
Narrow klass base: 0x0000000000000000, Narrow klass shift: 3, Narrow klass range: 0x140000000

GC Precious Log:
 CPUs: 4 total, 4 available
 Memory: 8095M
 Large Page Support: Disabled
 NUMA Support: Disabled
 Compressed Oops: Enabled (32-bit)
 Heap Region Size: 1M
 Heap Min Capacity: 128M
 Heap Initial Capacity: 128M
 Heap Max Capacity: 2G
 Pre-touch: Disabled
 Parallel Workers: 4
 Concurrent Workers: 1
 Concurrent Refinement Workers: 4
 Periodic GC: Disabled

Heap:
 garbage-first heap   total 131072K, used 1024K [0x0000000080000000, 0x0000000100000000)
  region size 1024K, 2 young (2048K), 0 survivors (0K)
 Metaspace       used 4436K, committed 4480K, reserved 1114112K
  class space    used 341K, committed 384K, reserved 1048576K

Heap Regions: E=young(eden), S=young(survivor), O=old, HS=humongous(starts), HC=humongous(continues), CS=collection set, F=free, OA=open archive, CA=closed archive, TAMS=top-at-mark-start (previous, next)
|   0|0x0000000080000000, 0x0000000080000000, 0x0000000080100000|  0%| F|  |TAMS 0x0000000080000000, 0x0000000080000000| Untracked 
|   1|0x0000000080100000, 0x0000000080100000, 0x0000000080200000|  0%| F|  |TAMS 0x0000000080100000, 0x0000000080100000| Untracked 
|   2|0x0000000080200000, 0x0000000080200000, 0x0000000080300000|  0%| F|  |TAMS 0x0000000080200000, 0x0000000080200000| Untracked 
|   3|0x0000000080300000, 0x0000000080300000, 0x0000000080400000|  0%| F|  |TAMS 0x0000000080300000, 0x0000000080300000| Untracked 
|   4|0x0000000080400000, 0x0000000080400000, 0x0000000080500000|  0%| F|  |TAMS 0x0000000080400000, 0x0000000080400000| Untracked 
|   5|0x0000000080500000, 0x0000000080500000, 0x0000000080600000|  0%| F|  |TAMS 0x0000000080500000, 0x0000000080500000| Untracked 
|   6|0x0000000080600000, 0x0000000080600000, 0x0000000080700000|  0%| F|  |TAMS 0x0000000080600000, 0x0000000080600000| Untracked 
|   7|0x0000000080700000, 0x0000000080700000, 0x0000000080800000|  0%| F|  |TAMS 0x0000000080700000, 0x0000000080700000| Untracked 
|   8|0x0000000080800000, 0x0000000080800000, 0x0000000080900000|  0%| F|  |TAMS 0x0000000080800000, 0x0000000080800000| Untracked 
|   9|0x0000000080900000, 0x0000000080900000, 0x0000000080a00000|  0%| F|  |TAMS 0x0000000080900000, 0x0000000080900000| Untracked 
|  10|0x0000000080a00000, 0x0000000080a00000, 0x0000000080b00000|  0%| F|  |TAMS 0x0000000080a00000, 0x0000000080a00000| Untracked 
|  11|0x0000000080b00000, 0x0000000080b00000, 0x0000000080c00000|  0%| F|  |TAMS 0x0000000080b00000, 0x0000000080b00000| Untracked 
|  12|0x0000000080c00000, 0x0000000080c00000, 0x0000000080d00000|  0%| F|  |TAMS 0x0000000080c00000, 0x0000000080c00000| Untracked 
|  13|0x0000000080d00000, 0x0000000080d00000, 0x0000000080e00000|  0%| F|  |TAMS 0x0000000080d00000, 0x0000000080d00000| Untracked 
|  14|0x0000000080e00000, 0x0000000080e00000, 0x0000000080f00000|  0%| F|  |TAMS 0x0000000080e00000, 0x0000000080e00000| Untracked 
|  15|0x0000000080f00000, 0x0000000080f00000, 0x0000000081000000|  0%| F|  |TAMS 0x0000000080f00000, 0x0000000080f00000| Untracked 
|  16|0x0000000081000000, 0x0000000081000000, 0x0000000081100000|  0%| F|  |TAMS 0x0000000081000000, 0x0000000081000000| Untracked 
|  17|0x0000000081100000, 0x0000000081100000, 0x0000000081200000|  0%| F|  |TAMS 0x0000000081100000, 0x0000000081100000| Untracked 
|  18|0x0000000081200000, 0x0000000081200000, 0x0000000081300000|  0%| F|  |TAMS 0x0000000081200000, 0x0000000081200000| Untracked 
|  19|0x0000000081300000, 0x0000000081300000, 0x0000000081400000|  0%| F|  |TAMS 0x0000000081300000, 0x0000000081300000| Untracked 
|  20|0x0000000081400000, 0x0000000081400000, 0x0000000081500000|  0%| F|  |TAMS 0x0000000081400000, 0x0000000081400000| Untracked 
|  21|0x0000000081500000, 0x0000000081500000, 0x0000000081600000|  0%| F|  |TAMS 0x0000000081500000, 0x0000000081500000| Untracked 
|  22|0x0000000081600000, 0x0000000081600000, 0x0000000081700000|  0%| F|  |TAMS 0x0000000081600000, 0x0000000081600000| Untracked 
|  23|0x0000000081700000, 0x0000000081700000, 0x0000000081800000|  0%| F|  |TAMS 0x0000000081700000, 0x0000000081700000| Untracked 
|  24|0x0000000081800000, 0x0000000081800000, 0x0000000081900000|  0%| F|  |TAMS 0x0000000081800000, 0x0000000081800000| Untracked 
|  25|0x0000000081900000, 0x0000000081900000, 0x0000000081a00000|  0%| F|  |TAMS 0x0000000081900000, 0x0000000081900000| Untracked 
|  26|0x0000000081a00000, 0x0000000081a00000, 0x0000000081b00000|  0%| F|  |TAMS 0x0000000081a00000, 0x0000000081a00000| Untracked 
|  27|0x0000000081b00000, 0x0000000081b00000, 0x0000000081c00000|  0%| F|  |TAMS 0x0000000081b00000, 0x0000000081b00000| Untracked 
|  28|0x0000000081c00000, 0x0000000081c00000, 0x0000000081d00000|  0%| F|  |TAMS 0x0000000081c00000, 0x0000000081c00000| Untracked 
|  29|0x0000000081d00000, 0x0000000081d00000, 0x0000000081e00000|  0%| F|  |TAMS 0x0000000081d00000, 0x0000000081d00000| Untracked 
|  30|0x0000000081e00000, 0x0000000081e00000, 0x0000000081f00000|  0%| F|  |TAMS 0x0000000081e00000, 0x0000000081e00000| Untracked 
|  31|0x0000000081f00000, 0x0000000081f00000, 0x0000000082000000|  0%| F|  |TAMS 0x0000000081f00000, 0x0000000081f00000| Untracked 
|  32|0x0000000082000000, 0x0000000082000000, 0x0000000082100000|  0%| F|  |TAMS 0x0000000082000000, 0x0000000082000000| Untracked 
|  33|0x0000000082100000, 0x0000000082100000, 0x0000000082200000|  0%| F|  |TAMS 0x0000000082100000, 0x0000000082100000| Untracked 
|  34|0x0000000082200000, 0x0000000082200000, 0x0000000082300000|  0%| F|  |TAMS 0x0000000082200000, 0x0000000082200000| Untracked 
|  35|0x0000000082300000, 0x0000000082300000, 0x0000000082400000|  0%| F|  |TAMS 0x0000000082300000, 0x0000000082300000| Untracked 
|  36|0x0000000082400000, 0x0000000082400000, 0x0000000082500000|  0%| F|  |TAMS 0x0000000082400000, 0x0000000082400000| Untracked 
|  37|0x0000000082500000, 0x0000000082500000, 0x0000000082600000|  0%| F|  |TAMS 0x0000000082500000, 0x0000000082500000| Untracked 
|  38|0x0000000082600000, 0x0000000082600000, 0x0000000082700000|  0%| F|  |TAMS 0x0000000082600000, 0x0000000082600000| Untracked 
|  39|0x0000000082700000, 0x0000000082700000, 0x0000000082800000|  0%| F|  |TAMS 0x0000000082700000, 0x0000000082700000| Untracked 
|  40|0x0000000082800000, 0x0000000082800000, 0x0000000082900000|  0%| F|  |TAMS 0x0000000082800000, 0x0000000082800000| Untracked 
|  41|0x0000000082900000, 0x0000000082900000, 0x0000000082a00000|  0%| F|  |TAMS 0x0000000082900000, 0x0000000082900000| Untracked 
|  42|0x0000000082a00000, 0x0000000082a00000, 0x0000000082b00000|  0%| F|  |TAMS 0x0000000082a00000, 0x0000000082a00000| Untracked 
|  43|0x0000000082b00000, 0x0000000082b00000, 0x0000000082c00000|  0%| F|  |TAMS 0x0000000082b00000, 0x0000000082b00000| Untracked 
|  44|0x0000000082c00000, 0x0000000082c00000, 0x0000000082d00000|  0%| F|  |TAMS 0x0000000082c00000, 0x0000000082c00000| Untracked 
|  45|0x0000000082d00000, 0x0000000082d00000, 0x0000000082e00000|  0%| F|  |TAMS 0x0000000082d00000, 0x0000000082d00000| Untracked 
|  46|0x0000000082e00000, 0x0000000082e00000, 0x0000000082f00000|  0%| F|  |TAMS 0x0000000082e00000, 0x0000000082e00000| Untracked 
|  47|0x0000000082f00000, 0x0000000082f00000, 0x0000000083000000|  0%| F|  |TAMS 0x0000000082f00000, 0x0000000082f00000| Untracked 
|  48|0x0000000083000000, 0x0000000083000000, 0x0000000083100000|  0%| F|  |TAMS 0x0000000083000000, 0x0000000083000000| Untracked 
|  49|0x0000000083100000, 0x0000000083100000, 0x0000000083200000|  0%| F|  |TAMS 0x0000000083100000, 0x0000000083100000| Untracked 
|  50|0x0000000083200000, 0x0000000083200000, 0x0000000083300000|  0%| F|  |TAMS 0x0000000083200000, 0x0000000083200000| Untracked 
|  51|0x0000000083300000, 0x0000000083300000, 0x0000000083400000|  0%| F|  |TAMS 0x0000000083300000, 0x0000000083300000| Untracked 
|  52|0x0000000083400000, 0x0000000083400000, 0x0000000083500000|  0%| F|  |TAMS 0x0000000083400000, 0x0000000083400000| Untracked 
|  53|0x0000000083500000, 0x0000000083500000, 0x0000000083600000|  0%| F|  |TAMS 0x0000000083500000, 0x0000000083500000| Untracked 
|  54|0x0000000083600000, 0x0000000083600000, 0x0000000083700000|  0%| F|  |TAMS 0x0000000083600000, 0x0000000083600000| Untracked 
|  55|0x0000000083700000, 0x0000000083700000, 0x0000000083800000|  0%| F|  |TAMS 0x0000000083700000, 0x0000000083700000| Untracked 
|  56|0x0000000083800000, 0x0000000083800000, 0x0000000083900000|  0%| F|  |TAMS 0x0000000083800000, 0x0000000083800000| Untracked 
|  57|0x0000000083900000, 0x0000000083900000, 0x0000000083a00000|  0%| F|  |TAMS 0x0000000083900000, 0x0000000083900000| Untracked 
|  58|0x0000000083a00000, 0x0000000083a00000, 0x0000000083b00000|  0%| F|  |TAMS 0x0000000083a00000, 0x0000000083a00000| Untracked 
|  59|0x0000000083b00000, 0x0000000083b00000, 0x0000000083c00000|  0%| F|  |TAMS 0x0000000083b00000, 0x0000000083b00000| Untracked 
|  60|0x0000000083c00000, 0x0000000083c00000, 0x0000000083d00000|  0%| F|  |TAMS 0x0000000083c00000, 0x0000000083c00000| Untracked 
|  61|0x0000000083d00000, 0x0000000083d00000, 0x0000000083e00000|  0%| F|  |TAMS 0x0000000083d00000, 0x0000000083d00000| Untracked 
|  62|0x0000000083e00000, 0x0000000083e00000, 0x0000000083f00000|  0%| F|  |TAMS 0x0000000083e00000, 0x0000000083e00000| Untracked 
|  63|0x0000000083f00000, 0x0000000083f00000, 0x0000000084000000|  0%| F|  |TAMS 0x0000000083f00000, 0x0000000083f00000| Untracked 
|  64|0x0000000084000000, 0x0000000084000000, 0x0000000084100000|  0%| F|  |TAMS 0x0000000084000000, 0x0000000084000000| Untracked 
|  65|0x0000000084100000, 0x0000000084100000, 0x0000000084200000|  0%| F|  |TAMS 0x0000000084100000, 0x0000000084100000| Untracked 
|  66|0x0000000084200000, 0x0000000084200000, 0x0000000084300000|  0%| F|  |TAMS 0x0000000084200000, 0x0000000084200000| Untracked 
|  67|0x0000000084300000, 0x0000000084300000, 0x0000000084400000|  0%| F|  |TAMS 0x0000000084300000, 0x0000000084300000| Untracked 
|  68|0x0000000084400000, 0x0000000084400000, 0x0000000084500000|  0%| F|  |TAMS 0x0000000084400000, 0x0000000084400000| Untracked 
|  69|0x0000000084500000, 0x0000000084500000, 0x0000000084600000|  0%| F|  |TAMS 0x0000000084500000, 0x0000000084500000| Untracked 
|  70|0x0000000084600000, 0x0000000084600000, 0x0000000084700000|  0%| F|  |TAMS 0x0000000084600000, 0x0000000084600000| Untracked 
|  71|0x0000000084700000, 0x0000000084700000, 0x0000000084800000|  0%| F|  |TAMS 0x0000000084700000, 0x0000000084700000| Untracked 
|  72|0x0000000084800000, 0x0000000084800000, 0x0000000084900000|  0%| F|  |TAMS 0x0000000084800000, 0x0000000084800000| Untracked 
|  73|0x0000000084900000, 0x0000000084900000, 0x0000000084a00000|  0%| F|  |TAMS 0x0000000084900000, 0x0000000084900000| Untracked 
|  74|0x0000000084a00000, 0x0000000084a00000, 0x0000000084b00000|  0%| F|  |TAMS 0x0000000084a00000, 0x0000000084a00000| Untracked 
|  75|0x0000000084b00000, 0x0000000084b00000, 0x0000000084c00000|  0%| F|  |TAMS 0x0000000084b00000, 0x0000000084b00000| Untracked 
|  76|0x0000000084c00000, 0x0000000084c00000, 0x0000000084d00000|  0%| F|  |TAMS 0x0000000084c00000, 0x0000000084c00000| Untracked 
|  77|0x0000000084d00000, 0x0000000084d00000, 0x0000000084e00000|  0%| F|  |TAMS 0x0000000084d00000, 0x0000000084d00000| Untracked 
|  78|0x0000000084e00000, 0x0000000084e00000, 0x0000000084f00000|  0%| F|  |TAMS 0x0000000084e00000, 0x0000000084e00000| Untracked 
|  79|0x0000000084f00000, 0x0000000084f00000, 0x0000000085000000|  0%| F|  |TAMS 0x0000000084f00000, 0x0000000084f00000| Untracked 
|  80|0x0000000085000000, 0x0000000085000000, 0x0000000085100000|  0%| F|  |TAMS 0x0000000085000000, 0x0000000085000000| Untracked 
|  81|0x0000000085100000, 0x0000000085100000, 0x0000000085200000|  0%| F|  |TAMS 0x0000000085100000, 0x0000000085100000| Untracked 
|  82|0x0000000085200000, 0x0000000085200000, 0x0000000085300000|  0%| F|  |TAMS 0x0000000085200000, 0x0000000085200000| Untracked 
|  83|0x0000000085300000, 0x0000000085300000, 0x0000000085400000|  0%| F|  |TAMS 0x0000000085300000, 0x0000000085300000| Untracked 
|  84|0x0000000085400000, 0x0000000085400000, 0x0000000085500000|  0%| F|  |TAMS 0x0000000085400000, 0x0000000085400000| Untracked 
|  85|0x0000000085500000, 0x0000000085500000, 0x0000000085600000|  0%| F|  |TAMS 0x0000000085500000, 0x0000000085500000| Untracked 
|  86|0x0000000085600000, 0x0000000085600000, 0x0000000085700000|  0%| F|  |TAMS 0x0000000085600000, 0x0000000085600000| Untracked 
|  87|0x0000000085700000, 0x0000000085700000, 0x0000000085800000|  0%| F|  |TAMS 0x0000000085700000, 0x0000000085700000| Untracked 
|  88|0x0000000085800000, 0x0000000085800000, 0x0000000085900000|  0%| F|  |TAMS 0x0000000085800000, 0x0000000085800000| Untracked 
|  89|0x0000000085900000, 0x0000000085900000, 0x0000000085a00000|  0%| F|  |TAMS 0x0000000085900000, 0x0000000085900000| Untracked 
|  90|0x0000000085a00000, 0x0000000085a00000, 0x0000000085b00000|  0%| F|  |TAMS 0x0000000085a00000, 0x0000000085a00000| Untracked 
|  91|0x0000000085b00000, 0x0000000085b00000, 0x0000000085c00000|  0%| F|  |TAMS 0x0000000085b00000, 0x0000000085b00000| Untracked 
|  92|0x0000000085c00000, 0x0000000085c00000, 0x0000000085d00000|  0%| F|  |TAMS 0x0000000085c00000, 0x0000000085c00000| Untracked 
|  93|0x0000000085d00000, 0x0000000085d00000, 0x0000000085e00000|  0%| F|  |TAMS 0x0000000085d00000, 0x0000000085d00000| Untracked 
|  94|0x0000000085e00000, 0x0000000085e00000, 0x0000000085f00000|  0%| F|  |TAMS 0x0000000085e00000, 0x0000000085e00000| Untracked 
|  95|0x0000000085f00000, 0x0000000085f00000, 0x0000000086000000|  0%| F|  |TAMS 0x0000000085f00000, 0x0000000085f00000| Untracked 
|  96|0x0000000086000000, 0x0000000086000000, 0x0000000086100000|  0%| F|  |TAMS 0x0000000086000000, 0x0000000086000000| Untracked 
|  97|0x0000000086100000, 0x0000000086100000, 0x0000000086200000|  0%| F|  |TAMS 0x0000000086100000, 0x0000000086100000| Untracked 
|  98|0x0000000086200000, 0x0000000086200000, 0x0000000086300000|  0%| F|  |TAMS 0x0000000086200000, 0x0000000086200000| Untracked 
|  99|0x0000000086300000, 0x0000000086300000, 0x0000000086400000|  0%| F|  |TAMS 0x0000000086300000, 0x0000000086300000| Untracked 
| 100|0x0000000086400000, 0x0000000086400000, 0x0000000086500000|  0%| F|  |TAMS 0x0000000086400000, 0x0000000086400000| Untracked 
| 101|0x0000000086500000, 0x0000000086500000, 0x0000000086600000|  0%| F|  |TAMS 0x0000000086500000, 0x0000000086500000| Untracked 
| 102|0x0000000086600000, 0x0000000086600000, 0x0000000086700000|  0%| F|  |TAMS 0x0000000086600000, 0x0000000086600000| Untracked 
| 103|0x0000000086700000, 0x0000000086700000, 0x0000000086800000|  0%| F|  |TAMS 0x0000000086700000, 0x0000000086700000| Untracked 
| 104|0x0000000086800000, 0x0000000086800000, 0x0000000086900000|  0%| F|  |TAMS 0x0000000086800000, 0x0000000086800000| Untracked 
| 105|0x0000000086900000, 0x0000000086900000, 0x0000000086a00000|  0%| F|  |TAMS 0x0000000086900000, 0x0000000086900000| Untracked 
| 106|0x0000000086a00000, 0x0000000086a00000, 0x0000000086b00000|  0%| F|  |TAMS 0x0000000086a00000, 0x0000000086a00000| Untracked 
| 107|0x0000000086b00000, 0x0000000086b00000, 0x0000000086c00000|  0%| F|  |TAMS 0x0000000086b00000, 0x0000000086b00000| Untracked 
| 108|0x0000000086c00000, 0x0000000086c00000, 0x0000000086d00000|  0%| F|  |TAMS 0x0000000086c00000, 0x0000000086c00000| Untracked 
| 109|0x0000000086d00000, 0x0000000086d00000, 0x0000000086e00000|  0%| F|  |TAMS 0x0000000086d00000, 0x0000000086d00000| Untracked 
| 110|0x0000000086e00000, 0x0000000086e00000, 0x0000000086f00000|  0%| F|  |TAMS 0x0000000086e00000, 0x0000000086e00000| Untracked 
| 111|0x0000000086f00000, 0x0000000086f00000, 0x0000000087000000|  0%| F|  |TAMS 0x0000000086f00000, 0x0000000086f00000| Untracked 
| 112|0x0000000087000000, 0x0000000087000000, 0x0000000087100000|  0%| F|  |TAMS 0x0000000087000000, 0x0000000087000000| Untracked 
| 113|0x0000000087100000, 0x0000000087100000, 0x0000000087200000|  0%| F|  |TAMS 0x0000000087100000, 0x0000000087100000| Untracked 
| 114|0x0000000087200000, 0x0000000087200000, 0x0000000087300000|  0%| F|  |TAMS 0x0000000087200000, 0x0000000087200000| Untracked 
| 115|0x0000000087300000, 0x0000000087300000, 0x0000000087400000|  0%| F|  |TAMS 0x0000000087300000, 0x0000000087300000| Untracked 
| 116|0x0000000087400000, 0x0000000087400000, 0x0000000087500000|  0%| F|  |TAMS 0x0000000087400000, 0x0000000087400000| Untracked 
| 117|0x0000000087500000, 0x0000000087500000, 0x0000000087600000|  0%| F|  |TAMS 0x0000000087500000, 0x0000000087500000| Untracked 
| 118|0x0000000087600000, 0x0000000087600000, 0x0000000087700000|  0%| F|  |TAMS 0x0000000087600000, 0x0000000087600000| Untracked 
| 119|0x0000000087700000, 0x0000000087700000, 0x0000000087800000|  0%| F|  |TAMS 0x0000000087700000, 0x0000000087700000| Untracked 
| 120|0x0000000087800000, 0x0000000087800000, 0x0000000087900000|  0%| F|  |TAMS 0x0000000087800000, 0x0000000087800000| Untracked 
| 121|0x0000000087900000, 0x0000000087900000, 0x0000000087a00000|  0%| F|  |TAMS 0x0000000087900000, 0x0000000087900000| Untracked 
| 122|0x0000000087a00000, 0x0000000087a00000, 0x0000000087b00000|  0%| F|  |TAMS 0x0000000087a00000, 0x0000000087a00000| Untracked 
| 123|0x0000000087b00000, 0x0000000087b00000, 0x0000000087c00000|  0%| F|  |TAMS 0x0000000087b00000, 0x0000000087b00000| Untracked 
| 124|0x0000000087c00000, 0x0000000087c00000, 0x0000000087d00000|  0%| F|  |TAMS 0x0000000087c00000, 0x0000000087c00000| Untracked 
| 125|0x0000000087d00000, 0x0000000087d00000, 0x0000000087e00000|  0%| F|  |TAMS 0x0000000087d00000, 0x0000000087d00000| Untracked 
| 126|0x0000000087e00000, 0x0000000087e43110, 0x0000000087f00000| 26%| E|  |TAMS 0x0000000087e00000, 0x0000000087e00000| Complete 
| 127|0x0000000087f00000, 0x0000000088000000, 0x0000000088000000|100%| E|CS|TAMS 0x0000000087f00000, 0x0000000087f00000| Complete 

Card table byte_map: [0x000001e818980000,0x000001e818d80000] _byte_map_base: 0x000001e818580000

Marking Bits (Prev, Next): (CMBitMap*) 0x000001e805e5e850, (CMBitMap*) 0x000001e805e5e890
 Prev Bits: [0x000001e819180000, 0x000001e81b180000)
 Next Bits: [0x000001e81b180000, 0x000001e81d180000)

Polling page: 0x000001e803d40000

Metaspace:

Usage:
  Non-class:      4.00 MB used.
      Class:    341.59 KB used.
       Both:      4.33 MB used.

Virtual space:
  Non-class space:       64.00 MB reserved,       4.00 MB (  6%) committed,  1 nodes.
      Class space:        1.00 GB reserved,     384.00 KB ( <1%) committed,  1 nodes.
             Both:        1.06 GB reserved,       4.38 MB ( <1%) committed. 

Chunk freelists:
   Non-Class:  11.00 MB
       Class:  15.62 MB
        Both:  26.62 MB

MaxMetaspaceSize: unlimited
CompressedClassSpaceSize: 1.00 GB
Initial GC threshold: 21.00 MB
Current GC threshold: 21.00 MB
CDS: off
MetaspaceReclaimPolicy: balanced
 - commit_granule_bytes: 65536.
 - commit_granule_words: 8192.
 - virtual_space_node_default_size: 8388608.
 - enlarge_chunks_in_place: 1.
 - new_chunks_are_fully_committed: 0.
 - uncommit_free_chunks: 1.
 - use_allocation_guard: 0.
 - handle_deallocations: 1.


Internal statistics:

num_allocs_failed_limit: 0.
num_arena_births: 2.
num_arena_deaths: 0.
num_vsnodes_births: 2.
num_vsnodes_deaths: 0.
num_space_committed: 70.
num_space_uncommitted: 0.
num_chunks_returned_to_freelist: 0.
num_chunks_taken_from_freelist: 4.
num_chunk_merges: 0.
num_chunk_splits: 3.
num_chunks_enlarged: 0.
num_inconsistent_stats: 0.

CodeHeap 'non-profiled nmethods': size=120000Kb used=20Kb max_used=20Kb free=119980Kb
 bounds [0x000001e811050000, 0x000001e8112c0000, 0x000001e818580000]
CodeHeap 'profiled nmethods': size=120000Kb used=87Kb max_used=87Kb free=119912Kb
 bounds [0x000001e809580000, 0x000001e8097f0000, 0x000001e810ab0000]
CodeHeap 'non-nmethods': size=5760Kb used=1068Kb max_used=1068Kb free=4691Kb
 bounds [0x000001e810ab0000, 0x000001e810d20000, 0x000001e811050000]
 total_blobs=410 nmethods=77 adapters=246
 compilation: enabled
              stopped_count=0, restarted_count=0
 full_count=0

Compilation events (20 events):
Event: 0.157 Thread 0x000001e81f84dc30   62       3       java.util.HashMap::getNode (150 bytes)
Event: 0.158 Thread 0x000001e81f84dc30 nmethod 62 0x000001e809593290 code [0x000001e8095934c0, 0x000001e809594058]
Event: 0.158 Thread 0x000001e81f84dc30   61       1       java.lang.module.ModuleDescriptor::isAutomatic (5 bytes)
Event: 0.159 Thread 0x000001e81f84dc30 nmethod 61 0x000001e811052a10 code [0x000001e811052ba0, 0x000001e811052c78]
Event: 0.159 Thread 0x000001e81f84dc30   60       3       jdk.internal.module.ModuleReferenceImpl::hashCode (56 bytes)
Event: 0.159 Thread 0x000001e81f84dc30 nmethod 60 0x000001e809594310 code [0x000001e809594500, 0x000001e809594968]
Event: 0.159 Thread 0x000001e81f84dc30   63       3       java.util.ImmutableCollections$Set12::iterator (9 bytes)
Event: 0.160 Thread 0x000001e81f84dc30 nmethod 63 0x000001e809594b10 code [0x000001e809594cc0, 0x000001e809594f98]
Event: 0.160 Thread 0x000001e81f84dc30   64       3       java.util.ImmutableCollections$Set12$1::<init> (32 bytes)
Event: 0.160 Thread 0x000001e81f84dc30 nmethod 64 0x000001e809595090 code [0x000001e809595240, 0x000001e809595478]
Event: 0.160 Thread 0x000001e81f84dc30   66       1       java.util.ImmutableCollections$Set12::isEmpty (2 bytes)
Event: 0.160 Thread 0x000001e81f84dc30 nmethod 66 0x000001e811053110 code [0x000001e8110532a0, 0x000001e811053378]
Event: 0.173 Thread 0x000001e81f84dc30   71       1       java.lang.Enum::ordinal (5 bytes)
Event: 0.173 Thread 0x000001e81f84dc30 nmethod 71 0x000001e811054010 code [0x000001e8110541a0, 0x000001e811054278]
Event: 0.185 Thread 0x000001e81f84dc30   72       1       java.lang.Class::getClassLoader0 (5 bytes)
Event: 0.185 Thread 0x000001e81f84dc30 nmethod 72 0x000001e811054310 code [0x000001e8110544a0, 0x000001e811054578]
Event: 0.187 Thread 0x000001e81f84dc30   75       3       java.lang.Math::min (11 bytes)
Event: 0.187 Thread 0x000001e81f84dc30 nmethod 75 0x000001e809595590 code [0x000001e809595720, 0x000001e809595858]
Event: 0.189 Thread 0x000001e81f84dc30   77       3       java.lang.AbstractStringBuilder::ensureCapacityInternal (39 bytes)
Event: 0.189 Thread 0x000001e81f84dc30 nmethod 77 0x000001e809595910 code [0x000001e809595ac0, 0x000001e809595cf8]

GC Heap History (0 events):
No events

Dll operation events (1 events):
Event: 0.012 Loaded shared library C:\Program Files\JetBrains\IntelliJ IDEA 2023.3.3\jbr\bin\java.dll

Deoptimization events (0 events):
No events

Classes unloaded (0 events):
No events

Classes redefined (0 events):
No events

Internal exceptions (0 events):
No events

VM Operations (0 events):
No events

Events (20 events):
Event: 0.186 loading class java/lang/invoke/ClassSpecializer$Factory done
Event: 0.186 loading class java/lang/invoke/BoundMethodHandle$Specializer$Factory done
Event: 0.186 loading class java/lang/invoke/SimpleMethodHandle
Event: 0.187 loading class java/lang/invoke/SimpleMethodHandle done
Event: 0.187 loading class java/lang/NoSuchFieldException
Event: 0.187 loading class java/lang/NoSuchFieldException done
Event: 0.187 loading class java/lang/invoke/BoundMethodHandle$Species_L
Event: 0.187 loading class java/lang/invoke/BoundMethodHandle$Species_L done
Event: 0.188 loading class sun/invoke/util/VerifyType
Event: 0.188 loading class sun/invoke/util/VerifyType done
Event: 0.188 loading class sun/invoke/empty/Empty
Event: 0.188 loading class sun/invoke/empty/Empty done
Event: 0.188 loading class java/lang/invoke/DirectMethodHandle$2
Event: 0.188 loading class java/lang/invoke/DirectMethodHandle$2 done
Event: 0.189 loading class java/lang/invoke/MethodHandleImpl$IntrinsicMethodHandle
Event: 0.189 loading class java/lang/invoke/DelegatingMethodHandle
Event: 0.189 loading class java/lang/invoke/DelegatingMethodHandle done
Event: 0.189 loading class java/lang/invoke/MethodHandleImpl$IntrinsicMethodHandle done
Event: 0.189 loading class java/lang/invoke/DelegatingMethodHandle$Holder
Event: 0.189 loading class java/lang/invoke/DelegatingMethodHandle$Holder done


Dynamic libraries:
0x00007ff77a4b0000 - 0x00007ff77a4ba000 	C:\Program Files\JetBrains\IntelliJ IDEA 2023.3.3\jbr\bin\java.exe
0x00007ff994990000 - 0x00007ff994b88000 	C:\Windows\SYSTEM32\ntdll.dll
0x00007ff994080000 - 0x00007ff994142000 	C:\Windows\System32\KERNEL32.DLL
0x00007ff992240000 - 0x00007ff99253f000 	C:\Windows\System32\KERNELBASE.dll
0x00007ff992020000 - 0x00007ff992120000 	C:\Windows\System32\ucrtbase.dll
0x00007ff984a50000 - 0x00007ff984a67000 	C:\Program Files\JetBrains\IntelliJ IDEA 2023.3.3\jbr\bin\jli.dll
0x00007ff992d00000 - 0x00007ff992e9d000 	C:\Windows\System32\USER32.dll
0x00007ff98f6b0000 - 0x00007ff98f6cb000 	C:\Program Files\JetBrains\IntelliJ IDEA 2023.3.3\jbr\bin\VCRUNTIME140.dll
0x00007ff992810000 - 0x00007ff992832000 	C:\Windows\System32\win32u.dll
0x00007ff993940000 - 0x00007ff99396b000 	C:\Windows\System32\GDI32.dll
0x00007ff992600000 - 0x00007ff992717000 	C:\Windows\System32\gdi32full.dll
0x00007ff991380000 - 0x00007ff99161a000 	C:\Windows\WinSxS\amd64_microsoft.windows.common-controls_6595b64144ccf1df_6.0.19041.4355_none_60b8b9eb71f62e16\COMCTL32.dll
0x00007ff992a80000 - 0x00007ff992b1e000 	C:\Windows\System32\msvcrt.dll
0x00007ff992720000 - 0x00007ff9927bd000 	C:\Windows\System32\msvcp_win.dll
0x00007ff993000000 - 0x00007ff99302f000 	C:\Windows\System32\IMM32.DLL
0x00007ff98f6a0000 - 0x00007ff98f6ac000 	C:\Program Files\JetBrains\IntelliJ IDEA 2023.3.3\jbr\bin\vcruntime140_1.dll
0x00007ff964840000 - 0x00007ff9648cd000 	C:\Program Files\JetBrains\IntelliJ IDEA 2023.3.3\jbr\bin\msvcp140.dll
0x00007ff9033c0000 - 0x00007ff904043000 	C:\Program Files\JetBrains\IntelliJ IDEA 2023.3.3\jbr\bin\server\jvm.dll
0x00007ff993c00000 - 0x00007ff993cb1000 	C:\Windows\System32\ADVAPI32.dll
0x00007ff992f60000 - 0x00007ff992fff000 	C:\Windows\System32\sechost.dll
0x00007ff993800000 - 0x00007ff993923000 	C:\Windows\System32\RPCRT4.dll
0x00007ff9925d0000 - 0x00007ff9925f7000 	C:\Windows\System32\bcrypt.dll
0x00007ff97f7d0000 - 0x00007ff97f7f7000 	C:\Windows\SYSTEM32\WINMM.dll
0x00007ff97cd90000 - 0x00007ff97cd99000 	C:\Windows\SYSTEM32\WSOCK32.dll
0x00007ff993a70000 - 0x00007ff993adb000 	C:\Windows\System32\WS2_32.dll
0x00007ff991e80000 - 0x00007ff991ecb000 	C:\Windows\SYSTEM32\POWRPROF.dll
0x00007ff97f330000 - 0x00007ff97f33a000 	C:\Windows\SYSTEM32\VERSION.dll
0x00007ff991e60000 - 0x00007ff991e72000 	C:\Windows\SYSTEM32\UMPDC.dll
0x00007ff98fa00000 - 0x00007ff98fa12000 	C:\Windows\SYSTEM32\kernel.appcore.dll
0x00007ff98f850000 - 0x00007ff98f85a000 	C:\Program Files\JetBrains\IntelliJ IDEA 2023.3.3\jbr\bin\jimage.dll
0x00007ff991920000 - 0x00007ff991b04000 	C:\Windows\SYSTEM32\DBGHELP.DLL
0x00007ff991730000 - 0x00007ff991764000 	C:\Windows\SYSTEM32\dbgcore.DLL
0x00007ff992540000 - 0x00007ff9925c2000 	C:\Windows\System32\bcryptPrimitives.dll
0x00007ff98f6d0000 - 0x00007ff98f6f5000 	C:\Program Files\JetBrains\IntelliJ IDEA 2023.3.3\jbr\bin\java.dll
0x00007ff98aff0000 - 0x00007ff98b008000 	C:\Program Files\JetBrains\IntelliJ IDEA 2023.3.3\jbr\bin\zip.dll
0x00007ff993090000 - 0x00007ff9937fe000 	C:\Windows\System32\SHELL32.dll
0x00007ff98fa20000 - 0x00007ff9901c4000 	C:\Windows\SYSTEM32\windows.storage.dll
0x00007ff993d20000 - 0x00007ff994075000 	C:\Windows\System32\combase.dll
0x00007ff9912e0000 - 0x00007ff99130f000 	C:\Windows\SYSTEM32\Wldp.dll
0x00007ff9929b0000 - 0x00007ff992a7d000 	C:\Windows\System32\OLEAUT32.dll
0x00007ff992c50000 - 0x00007ff992cfd000 	C:\Windows\System32\SHCORE.dll
0x00007ff9939f0000 - 0x00007ff993a45000 	C:\Windows\System32\shlwapi.dll
0x00007ff991f50000 - 0x00007ff991f74000 	C:\Windows\SYSTEM32\profapi.dll

dbghelp: loaded successfully - version: 4.0.5 - missing functions: none
symbol engine: initialized successfully - sym options: 0x614 - pdb path: .;C:\Program Files\JetBrains\IntelliJ IDEA 2023.3.3\jbr\bin;C:\Windows\SYSTEM32;C:\Windows\WinSxS\amd64_microsoft.windows.common-controls_6595b64144ccf1df_6.0.19041.4355_none_60b8b9eb71f62e16;C:\Program Files\JetBrains\IntelliJ IDEA 2023.3.3\jbr\bin\server

VM Arguments:
jvm_args: -Djava.rmi.server.hostname=127.0.0.1 -Duser.timezone=UTC -Xmx2048m -Xms128m -Djdbc.classpath=C:\Program Files\JetBrains\IntelliJ IDEA 2023.3.3\plugins\DatabaseTools\lib\jdbc-console.jar;C:\Users\blais\AppData\Roaming\JetBrains\IntelliJIdea2023.3\jdbc-drivers\PostgreSQL\42.7.3\org\postgresql\postgresql\42.7.3\postgresql-42.7.3.jar;C:\Users\blais\AppData\Roaming\JetBrains\IntelliJIdea2023.3\jdbc-drivers\PostgreSQL\42.7.3\org\checkerframework\checker-qual\3.42.0\checker-qual-3.42.0.jar;C:\Users\blais\AppData\Roaming\JetBrains\IntelliJIdea2023.3\jdbc-drivers\PostgreSQL\42.7.3\com\github\waffle\waffle-jna\1.9.1\waffle-jna-1.9.1.jar;C:\Users\blais\AppData\Roaming\JetBrains\IntelliJIdea2023.3\jdbc-drivers\PostgreSQL\42.7.3\net\java\dev\jna\jna\4.5.1\jna-4.5.1.jar;C:\Users\blais\AppData\Roaming\JetBrains\IntelliJIdea2023.3\jdbc-drivers\PostgreSQL\42.7.3\net\java\dev\jna\jna-platform\4.5.1\jna-platform-4.5.1.jar;C:\Users\blais\AppData\Roaming\JetBrains\IntelliJIdea2023.3\jdbc-drivers\PostgreSQL\42.7.3\org\slf4j\jcl-over-slf4j\1.7.25\jcl-over-slf4j-1.7.25.jar;C:\Users\blais\AppData\Roaming\JetBrains\IntelliJIdea2023.3\jdbc-drivers\PostgreSQL\42.7.3\org\slf4j\slf4j-api\1.7.25\slf4j-api-1.7.25.jar;C:\Users\blais\AppData\Roaming\JetBrains\IntelliJIdea2023.3\jdbc-drivers\PostgreSQL\42.7.3\com\github\ben-manes\caffeine\caffeine\2.6.2\caffeine-2.6.2.jar --add-exports=java.desktop/sun.awt=ALL-UNNAMED --add-exports=java.desktop/java.awt.peer=ALL-UNNAMED --add-opens=java.desktop/java.awt=ALL-UNNAMED --add-opens=jdk.unsupported/sun.misc=ALL-UNNAMED --add-opens=java.base/java.nio=ALL-UNNAMED --add-opens=java.base/java.util=ALL-UNNAMED -Dfile.encoding=UTF-8 
java_command: com.intellij.database.remote.RemoteJdbcServer org.postgresql.Driver
java_class_path (initial): C:\Program Files\JetBrains\IntelliJ IDEA 2023.3.3\lib\util_rt.jar;C:\Program Files\JetBrains\IntelliJ IDEA 2023.3.3\lib\util-8.jar;C:\Program Files\JetBrains\IntelliJ IDEA 2023.3.3\lib\groovy.jar;C:\Program Files\JetBrains\IntelliJ IDEA 2023.3.3\plugins\DatabaseTools\lib\jdbc-console.jar;C:\Program Files\JetBrains\IntelliJ IDEA 2023.3.3\plugins\grid-core-impl\lib\jdbc-console-types.jar;C:\Program Files\JetBrains\IntelliJ IDEA 2023.3.3\lib\util.jar
Launcher Type: SUN_STANDARD

[Global flags]
     intx CICompilerCount                          = 3                                         {product} {ergonomic}
     uint ConcGCThreads                            = 1                                         {product} {ergonomic}
     uint G1ConcRefinementThreads                  = 4                                         {product} {ergonomic}
   size_t G1HeapRegionSize                         = 1048576                                   {product} {ergonomic}
    uintx GCDrainStackTargetSize                   = 64                                        {product} {ergonomic}
   size_t InitialHeapSize                          = 134217728                                 {product} {command line}
   size_t MarkStackSize                            = 4194304                                   {product} {ergonomic}
   size_t MaxHeapSize                              = 2147483648                                {product} {command line}
   size_t MaxNewSize                               = 1287651328                                {product} {ergonomic}
   size_t MinHeapDeltaBytes                        = 1048576                                   {product} {ergonomic}
   size_t MinHeapSize                              = 134217728                                 {product} {command line}
    uintx NonNMethodCodeHeapSize                   = 5832780                                {pd product} {ergonomic}
    uintx NonProfiledCodeHeapSize                  = 122912730                              {pd product} {ergonomic}
    uintx ProfiledCodeHeapSize                     = 122912730                              {pd product} {ergonomic}
    uintx ReservedCodeCacheSize                    = 251658240                              {pd product} {ergonomic}
     bool SegmentedCodeCache                       = true                                      {product} {ergonomic}
   size_t SoftMaxHeapSize                          = 2147483648                             {manageable} {ergonomic}
     bool UseCompressedClassPointers               = true                           {product lp64_product} {ergonomic}
     bool UseCompressedOops                        = true                           {product lp64_product} {ergonomic}
     bool UseG1GC                                  = true                                      {product} {ergonomic}
     bool UseLargePagesIndividualAllocation        = false                                  {pd product} {ergonomic}

Logging:
Log output configuration:
 #0: stdout all=warning uptime,level,tags
 #1: stderr all=off uptime,level,tags

Environment Variables:
PATH=D:\Oracle\app\oracle\dbhomeXE\bin;C:\Program Files (x86)\Common Files\Oracle\Java\javapath;C:\Program Files\Common Files\Oracle\Java\javapath;C:\Windows\system32;C:\Windows;C:\Windows\System32\Wbem;C:\Windows\System32\WindowsPowerShell\v1.0\;C:\Windows\System32\OpenSSH\;C:\Users\blais\src\flutter\bin;C:\Program Files\nodejs\;C:\ProgramData\chocolatey\bin;C:\Users\blais\AppData\Local\Pub\Cache\bin;C:\Program Files\MongoDB\mongosh-2.2.15-win32-x64\bin;C:\Program Files\Git\cmd;C:\Users\blais\.console-ninja\.bin;C:\Users\blais\AppData\Local\Programs\Python\Python312\Scripts\;C:\Users\blais\AppData\Local\Programs\Python\Python312\;C:\Users\blais\AppData\Local\Microsoft\WindowsApps;C:\Users\blais\AppData\Local\Programs\Microsoft VS Code\bin;C:\Program Files\JetBrains\IntelliJ IDEA 2023.3.3\bin;;C:\Users\blais\src\flutter\bin;C:\Users\blais\AppData\Local\Android\Sdk;C:\Users\blais\AppData\Local\Android\Sdk\platform-tools;C:\Users\blais\AppData\Roaming\npm;C:\Users\blais\AppData\Local\Pub\Cache\bin;
USERNAME=blais
OS=Windows_NT
PROCESSOR_IDENTIFIER=Intel64 Family 6 Model 58 Stepping 9, GenuineIntel
TMP=C:\Users\blais\AppData\Local\Temp
TEMP=C:\Users\blais\AppData\Local\Temp



Periodic native trim disabled

JNI global refs:
JNI global refs: 4, weak refs: 0

JNI global refs memory usage: 843, weak refs: 209

OOME stack traces (most recent first):
Classloader memory used:
Loader bootstrap                                                                       : 554K


---------------  S Y S T E M  ---------------

OS:
 Windows 10 , 64 bit Build 19041 (10.0.19041.5198)
OS uptime: 1 days 19:57 hours

CPU: total 4 (initial active 4) (2 cores per cpu, 2 threads per core) family 6 model 58 stepping 9 microcode 0x21, cx8, cmov, fxsr, ht, mmx, sse, sse2, sse3, ssse3, sse4.1, sse4.2, popcnt, tsc, tscinvbit, avx, aes, erms, clmul, vzeroupper, clflush
Processor Information for all 4 processors :
  Max Mhz: 2701, Current Mhz: 2400, Mhz Limit: 2376

Memory: 4k page, system-wide physical 8095M (399M free)
TotalPageFile size 22151M (AvailPageFile size 2M)
current process WorkingSet (physical memory assigned to process): 29M, peak: 29M
current process commit charge ("private bytes"): 194M, peak: 195M

vm_info: OpenJDK 64-Bit Server VM (17.0.10+1-b1087.17) for windows-amd64 JRE (17.0.10+1-b1087.17), built on 2024-01-19 by "builduser" with MS VC++ 16.10 / 16.11 (VS2019)

END.
